[    0.000000] Initializing cgroup subsys cpuset
[    0.000000] Initializing cgroup subsys cpu
[    0.000000] Initializing cgroup subsys cpuacct
[    0.000000] Linux version 4.4.0-93-generic (buildd@lgw01-03) (gcc version 5.4.0 20160609 (Ubuntu 5.4.0-6ubuntu1~16.04.4) ) #116-Ubuntu SMP Fri Aug 11 21:17:51 UTC 2017 (Ubuntu 4.4.0-93.116-generic 4.4.79)
[    0.000000] Command line: BOOT_IMAGE=/boot/vmlinuz-4.4.0-93-generic root=LABEL=cloudimg-rootfs ro console=tty1 console=ttyS0
[    0.000000] KERNEL supported cpus:
[    0.000000]   Intel GenuineIntel
[    0.000000]   AMD AuthenticAMD
[    0.000000]   Centaur CentaurHauls
[    0.000000] x86/fpu: xstate_offset[2]:  576, xstate_sizes[2]:  256
[    0.000000] x86/fpu: Supporting XSAVE feature 0x01: 'x87 floating point registers'
[    0.000000] x86/fpu: Supporting XSAVE feature 0x02: 'SSE registers'
[    0.000000] x86/fpu: Supporting XSAVE feature 0x04: 'AVX registers'
[    0.000000] x86/fpu: Enabled xstate features 0x7, context size is 832 bytes, using 'standard' format.
[    0.000000] x86/fpu: Using 'lazy' FPU context switches.
[    0.000000] e820: BIOS-provided physical RAM map:
[    0.000000] BIOS-e820: [mem 0x0000000000000000-0x000000000009fbff] usable
[    0.000000] BIOS-e820: [mem 0x000000000009fc00-0x000000000009ffff] reserved
[    0.000000] BIOS-e820: [mem 0x00000000000f0000-0x00000000000fffff] reserved
[    0.000000] BIOS-e820: [mem 0x0000000000100000-0x000000003ffeffff] usable
[    0.000000] BIOS-e820: [mem 0x000000003fff0000-0x000000003fffffff] ACPI data
[    0.000000] BIOS-e820: [mem 0x00000000fec00000-0x00000000fec00fff] reserved
[    0.000000] BIOS-e820: [mem 0x00000000fee00000-0x00000000fee00fff] reserved
[    0.000000] BIOS-e820: [mem 0x00000000fffc0000-0x00000000ffffffff] reserved
[    0.000000] NX (Execute Disable) protection: active
[    0.000000] SMBIOS 2.5 present.
[    0.000000] Hypervisor detected: KVM
[    0.000000] e820: last_pfn = 0x3fff0 max_arch_pfn = 0x400000000
[    0.000000] MTRR: Disabled
[    0.000000] x86/PAT: MTRRs disabled, skipping PAT initialization too.
[    0.000000] CPU MTRRs all blank - virtualized system.
[    0.000000] x86/PAT: Configuration [0-7]: WB  WT  UC- UC  WB  WT  UC- UC  
[    0.000000] found SMP MP-table at [mem 0x0009fff0-0x0009ffff] mapped at [ffff88000009fff0]
[    0.000000] Scanning 1 areas for low memory corruption
[    0.000000] RAMDISK: [mem 0x36ac4000-0x37559fff]
[    0.000000] ACPI: Early table checksum verification disabled
[    0.000000] ACPI: RSDP 0x00000000000E0000 000024 (v02 VBOX  )
[    0.000000] ACPI: XSDT 0x000000003FFF0030 00003C (v01 VBOX   VBOXXSDT 00000001 ASL  00000061)
[    0.000000] ACPI: FACP 0x000000003FFF00F0 0000F4 (v04 VBOX   VBOXFACP 00000001 ASL  00000061)
[    0.000000] ACPI: DSDT 0x000000003FFF0470 0021C8 (v02 VBOX   VBOXBIOS 00000002 INTL 20100528)
[    0.000000] ACPI: FACS 0x000000003FFF0200 000040
[    0.000000] ACPI: FACS 0x000000003FFF0200 000040
[    0.000000] ACPI: APIC 0x000000003FFF0240 00005C (v02 VBOX   VBOXAPIC 00000001 ASL  00000061)
[    0.000000] ACPI: SSDT 0x000000003FFF02A0 0001CC (v01 VBOX   VBOXCPUT 00000002 INTL 20100528)
[    0.000000] No NUMA configuration found
[    0.000000] Faking a node at [mem 0x0000000000000000-0x000000003ffeffff]
[    0.000000] NODE_DATA(0) allocated [mem 0x3ffeb000-0x3ffeffff]
[    0.000000] kvm-clock: Using msrs 4b564d01 and 4b564d00
[    0.000000] kvm-clock: cpu 0, msr 0:3ffe3001, primary cpu clock
[    0.000000] kvm-clock: using sched offset of 3194292921 cycles
[    0.000000] clocksource: kvm-clock: mask: 0xffffffffffffffff max_cycles: 0x1cd42e4dffb, max_idle_ns: 881590591483 ns
[    0.000000] Zone ranges:
[    0.000000]   DMA      [mem 0x0000000000001000-0x0000000000ffffff]
[    0.000000]   DMA32    [mem 0x0000000001000000-0x000000003ffeffff]
[    0.000000]   Normal   empty
[    0.000000]   Device   empty
[    0.000000] Movable zone start for each node
[    0.000000] Early memory node ranges
[    0.000000]   node   0: [mem 0x0000000000001000-0x000000000009efff]
[    0.000000]   node   0: [mem 0x0000000000100000-0x000000003ffeffff]
[    0.000000] Initmem setup node 0 [mem 0x0000000000001000-0x000000003ffeffff]
[    0.000000] ACPI: PM-Timer IO Port: 0x4008
[    0.000000] IOAPIC[0]: apic_id 2, version 32, address 0xfec00000, GSI 0-23
[    0.000000] ACPI: INT_SRC_OVR (bus 0 bus_irq 0 global_irq 2 dfl dfl)
[    0.000000] ACPI: INT_SRC_OVR (bus 0 bus_irq 9 global_irq 9 high level)
[    0.000000] Using ACPI (MADT) for SMP configuration information
[    0.000000] smpboot: Allowing 2 CPUs, 0 hotplug CPUs
[    0.000000] PM: Registered nosave memory: [mem 0x00000000-0x00000fff]
[    0.000000] PM: Registered nosave memory: [mem 0x0009f000-0x0009ffff]
[    0.000000] PM: Registered nosave memory: [mem 0x000a0000-0x000effff]
[    0.000000] PM: Registered nosave memory: [mem 0x000f0000-0x000fffff]
[    0.000000] e820: [mem 0x40000000-0xfebfffff] available for PCI devices
[    0.000000] Booting paravirtualized kernel on KVM
[    0.000000] clocksource: refined-jiffies: mask: 0xffffffff max_cycles: 0xffffffff, max_idle_ns: 7645519600211568 ns
[    0.000000] setup_percpu: NR_CPUS:512 nr_cpumask_bits:512 nr_cpu_ids:2 nr_node_ids:1
[    0.000000] PERCPU: Embedded 34 pages/cpu @ffff88003fc00000 s98328 r8192 d32744 u1048576
[    0.000000] PV qspinlock hash table entries: 256 (order: 0, 4096 bytes)
[    0.000000] Built 1 zonelists in Node order, mobility grouping on.  Total pages: 257913
[    0.000000] Policy zone: DMA32
[    0.000000] Kernel command line: BOOT_IMAGE=/boot/vmlinuz-4.4.0-93-generic root=LABEL=cloudimg-rootfs ro console=tty1 console=ttyS0
[    0.000000] PID hash table entries: 4096 (order: 3, 32768 bytes)
[    0.000000] Memory: 1001724K/1048120K available (8479K kernel code, 1294K rwdata, 3984K rodata, 1492K init, 1316K bss, 46396K reserved, 0K cma-reserved)
[    0.000000] SLUB: HWalign=64, Order=0-3, MinObjects=0, CPUs=2, Nodes=1
[    0.000000] Hierarchical RCU implementation.
[    0.000000] 	Build-time adjustment of leaf fanout to 64.
[    0.000000] 	RCU restricting CPUs from NR_CPUS=512 to nr_cpu_ids=2.
[    0.000000] RCU: Adjusting geometry for rcu_fanout_leaf=64, nr_cpu_ids=2
[    0.000000] NR_IRQS:33024 nr_irqs:440 16
[    0.000000] Console: colour VGA+ 80x25
[    0.000000] console [tty1] enabled
[    0.000000] console [ttyS0] enabled
[    0.000000] tsc: Detected 1599.999 MHz processor
[    3.412814] Calibrating delay loop (skipped) preset value.. 3199.99 BogoMIPS (lpj=6399996)
[    3.470969] pid_max: default: 32768 minimum: 301
[    3.527886] ACPI: Core revision 20150930
[    3.576168] ACPI: 2 ACPI AML tables successfully acquired and loaded
[    3.626704] Security Framework initialized
[    3.633699] Yama: becoming mindful.
[    3.655948] AppArmor: AppArmor initialized
[    3.687486] Dentry cache hash table entries: 131072 (order: 8, 1048576 bytes)
[    3.719749] Inode-cache hash table entries: 65536 (order: 7, 524288 bytes)
[    3.735994] Mount-cache hash table entries: 2048 (order: 2, 16384 bytes)
[    3.790958] Mountpoint-cache hash table entries: 2048 (order: 2, 16384 bytes)
[    3.816397] Initializing cgroup subsys io
[    3.817616] Initializing cgroup subsys memory
[    3.841270] Initializing cgroup subsys devices
[    3.842575] Initializing cgroup subsys freezer
[    3.844088] Initializing cgroup subsys net_cls
[    3.845351] Initializing cgroup subsys perf_event
[    3.846689] Initializing cgroup subsys net_prio
[    3.848026] Initializing cgroup subsys hugetlb
[    3.856064] Initializing cgroup subsys pids
[    3.858133] CPU: Physical Processor ID: 0
[    3.873867] CPU: Processor Core ID: 0
[    3.888752] mce: CPU supports 0 MCE banks
[    3.912235] Last level iTLB entries: 4KB 64, 2MB 8, 4MB 8
[    3.913821] Last level dTLB entries: 4KB 64, 2MB 0, 4MB 0, 1GB 4
[    3.924285] Freeing SMP alternatives memory: 32K (ffffffff820ba000 - ffffffff820c2000)
[    3.937354] ftrace: allocating 32136 entries in 126 pages
[    4.040543] smpboot: APIC(0) Converting physical 0 to logical package 0
[    4.053382] smpboot: Max logical packages: 1
[    4.061666] x2apic enabled
[    4.076481] Switched APIC routing to physical x2apic.
[    4.079162] ..TIMER: vector=0x30 apic1=0 pin1=2 apic2=-1 pin2=-1
[    4.217525] smpboot: CPU0: Intel(R) Core(TM) i5-5250U CPU @ 1.60GHz (family: 0x6, model: 0x3d, stepping: 0x4)
[    4.275453] Performance Events: unsupported p6 CPU model 61 no PMU driver, software events only.
[    4.278050] KVM setup paravirtual spinlock
[    4.295966] x86: Booting SMP configuration:
[    4.297297] .... node  #0, CPUs:      #1
[    4.307964] kvm-clock: cpu 1, msr 0:3ffe3041, secondary cpu clock
[    4.323709] mce: CPU supports 0 MCE banks
[    4.326533] x86: Booted up 1 node, 2 CPUs
[    4.340361] smpboot: Total of 2 processors activated (6399.99 BogoMIPS)
[    4.351437] devtmpfs: initialized
[    4.373675] evm: security.selinux
[    4.406343] evm: security.SMACK64
[    4.430495] evm: security.SMACK64EXEC
[    4.457686] evm: security.SMACK64TRANSMUTE
[    4.499914] evm: security.SMACK64MMAP
[    4.527846] evm: security.ima
[    4.560768] evm: security.capability
[    4.597689] clocksource: jiffies: mask: 0xffffffff max_cycles: 0xffffffff, max_idle_ns: 7645041785100000 ns
[    4.674753] futex hash table entries: 512 (order: 3, 32768 bytes)
[    4.731149] pinctrl core: initialized pinctrl subsystem
[    4.732747] RTC time:  9:11:57, date: 09/12/17
[    4.739450] NET: Registered protocol family 16
[    4.773993] cpuidle: using governor ladder
[    4.797797] cpuidle: using governor menu
[    4.812034] PCCT header not found.
[    4.842789] ACPI: bus type PCI registered
[    4.878772] acpiphp: ACPI Hot Plug PCI Controller Driver version: 0.5
[    4.922951] PCI: Using configuration type 1 for base access
[    4.959533] ACPI: Added _OSI(Module Device)
[    4.968796] ACPI: Added _OSI(Processor Device)
[    5.012875] ACPI: Added _OSI(3.0 _SCP Extensions)
[    5.049102] ACPI: Added _OSI(Processor Aggregator Device)
[    5.099645] ACPI: Executed 1 blocks of module-level executable AML code
[    5.113508] ACPI: Interpreter enabled
[    5.131045] ACPI: (supports S0 S5)
[    5.132375] ACPI: Using IOAPIC for interrupt routing
[    5.178567] PCI: Using host bridge windows from ACPI; if necessary, use "pci=nocrs" and report a bug
[    5.268502] ACPI: PCI Root Bridge [PCI0] (domain 0000 [bus 00-ff])
[    5.289972] acpi PNP0A03:00: _OSC: OS supports [ASPM ClockPM Segments MSI]
[    5.353495] acpi PNP0A03:00: _OSC failed (AE_NOT_FOUND); disabling ASPM
[    5.414672] acpi PNP0A03:00: fail to add MMCONFIG information, can't access extended PCI configuration space under this bridge.
[    5.511109] PCI host bridge to bus 0000:00
[    5.559968] pci_bus 0000:00: root bus resource [io  0x0000-0x0cf7 window]
[    5.578750] pci_bus 0000:00: root bus resource [io  0x0d00-0xffff window]
[    5.627972] pci_bus 0000:00: root bus resource [mem 0x000a0000-0x000bffff window]
[    5.694999] pci_bus 0000:00: root bus resource [mem 0x40000000-0xffdfffff window]
[    5.759126] pci_bus 0000:00: root bus resource [bus 00-ff]
[    5.804475] pci 0000:00:01.1: legacy IDE quirk: reg 0x10: [io  0x01f0-0x01f7]
[    5.853323] pci 0000:00:01.1: legacy IDE quirk: reg 0x14: [io  0x03f6]
[    5.855726] pci 0000:00:01.1: legacy IDE quirk: reg 0x18: [io  0x0170-0x0177]
[    5.857828] pci 0000:00:01.1: legacy IDE quirk: reg 0x1c: [io  0x0376]
[    5.892766] pci 0000:00:07.0: quirk: [io  0x4000-0x403f] claimed by PIIX4 ACPI
[    5.906386] pci 0000:00:07.0: quirk: [io  0x4100-0x410f] claimed by PIIX4 SMB
[    5.951970] ACPI: PCI Interrupt Link [LNKA] (IRQs 5 9 10 *11)
[    5.978254] ACPI: PCI Interrupt Link [LNKB] (IRQs 5 9 10 *11)
[    6.007042] ACPI: PCI Interrupt Link [LNKC] (IRQs 5 9 *10 11)
[    6.024229] ACPI: PCI Interrupt Link [LNKD] (IRQs 5 *9 10 11)
[    6.043738] ACPI: Enabled 2 GPEs in block 00 to 07
[    6.080737] vgaarb: setting as boot device: PCI:0000:00:02.0
[    6.082330] vgaarb: device added: PCI:0000:00:02.0,decodes=io+mem,owns=io+mem,locks=none
[    6.118929] vgaarb: loaded
[    6.142608] vgaarb: bridge control possible 0000:00:02.0
[    6.186734] SCSI subsystem initialized
[    6.226533] ACPI: bus type USB registered
[    6.258945] usbcore: registered new interface driver usbfs
[    6.263727] usbcore: registered new interface driver hub
[    6.265216] usbcore: registered new device driver usb
[    6.266963] PCI: Using ACPI for IRQ routing
[    6.268511] NetLabel: Initializing
[    6.269548] NetLabel:  domain hash size = 128
[    6.271970] NetLabel:  protocols = UNLABELED CIPSOv4
[    6.273361] NetLabel:  unlabeled traffic allowed by default
[    6.276209] amd_nb: Cannot enumerate AMD northbridges
[    6.277668] clocksource: Switched to clocksource kvm-clock
[    6.299134] AppArmor: AppArmor Filesystem Enabled
[    6.360765] pnp: PnP ACPI init
[    6.364422] pnp: PnP ACPI: found 3 devices
[    6.431541] clocksource: acpi_pm: mask: 0xffffff max_cycles: 0xffffff, max_idle_ns: 2085701024 ns
[    6.581262] NET: Registered protocol family 2
[    6.645497] TCP established hash table entries: 8192 (order: 4, 65536 bytes)
[    6.736240] TCP bind hash table entries: 8192 (order: 5, 131072 bytes)
[    6.786128] TCP: Hash tables configured (established 8192 bind 8192)
[    6.789553] UDP hash table entries: 512 (order: 2, 16384 bytes)
[    6.901811] UDP-Lite hash table entries: 512 (order: 2, 16384 bytes)
[    6.995769] NET: Registered protocol family 1
[    7.029409] pci 0000:00:00.0: Limiting direct PCI/PCI transfers
[    7.087850] pci 0000:00:01.0: Activating ISA DMA hang workarounds
[    7.089638] Unpacking initramfs...
[    9.156005] Freeing initrd memory: 10840K (ffff880036ac4000 - ffff88003755a000)
[    9.206934] RAPL PMU detected, API unit is 2^-32 Joules, 4 fixed counters 10737418240 ms ovfl timer
[    9.209448] hw unit of domain pp0-core 2^-0 Joules
[    9.231266] hw unit of domain package 2^-0 Joules
[    9.232995] hw unit of domain dram 2^-0 Joules
[    9.291630] hw unit of domain pp1-gpu 2^-0 Joules
[    9.313239] platform rtc_cmos: registered platform RTC device (no PNP device found)
[    9.377620] Scanning for low memory corruption every 60 seconds
[    9.406372] audit: initializing netlink subsys (disabled)
[    9.439168] audit: type=2000 audit(1505207521.965:1): initialized
[    9.441137] Initialise system trusted keyring
[    9.453159] HugeTLB registered 2 MB page size, pre-allocated 0 pages
[    9.500339] zbud: loaded
[    9.540383] VFS: Disk quotas dquot_6.6.0
[    9.589649] VFS: Dquot-cache hash table entries: 512 (order 0, 4096 bytes)
[    9.720513] squashfs: version 4.0 (2009/01/31) Phillip Lougher
[    9.804721] fuse init (API version 7.23)
[    9.873897] Key type big_key registered
[    9.937014] Allocating IMA MOK and blacklist keyrings.
[   10.022409] Key type asymmetric registered
[   10.099764] Asymmetric key parser 'x509' registered
[   10.129953] Block layer SCSI generic (bsg) driver version 0.4 loaded (major 249)
[   10.171750] io scheduler noop registered
[   10.226698] io scheduler deadline registered (default)
[   10.319096] tsc: Refined TSC clocksource calibration: 1598.863 MHz
[   10.319100] clocksource: tsc: mask: 0xffffffffffffffff max_cycles: 0x170bf2e50b1, max_idle_ns: 440795276114 ns
[   10.377150] io scheduler cfq registered
[   10.384989] pci_hotplug: PCI Hot Plug PCI Core version: 0.5
[   10.397220] pciehp: PCI Express Hot Plug Controller Driver version: 0.4
[   10.418407] ACPI: AC Adapter [AC] (on-line)
[   10.498284] input: Power Button as /devices/LNXSYSTM:00/LNXPWRBN:00/input/input0
[   10.560605] ACPI: Power Button [PWRF]
[   10.561831] input: Sleep Button as /devices/LNXSYSTM:00/LNXSLPBN:00/input/input1
[   10.565060] ACPI: Sleep Button [SLPF]
[   10.568862] ACPI: Battery Slot [BAT0] (battery present)
[   10.649648] GHES: HEST is not enabled!
[   10.720229] Serial: 8250/16550 driver, 32 ports, IRQ sharing enabled
[   10.862462] 00:02: ttyS0 at I/O 0x3f8 (irq = 4, base_baud = 115200) is a 16550A
[   10.877142] Linux agpgart interface v0.103
[   10.906286] loop: module loaded
[   10.954520] scsi host0: ata_piix
[   10.984792] scsi host1: ata_piix
[   11.049748] ata1: PATA max UDMA/33 cmd 0x1f0 ctl 0x3f6 bmdma 0xd000 irq 14
[   11.242745] ata2: PATA max UDMA/33 cmd 0x170 ctl 0x376 bmdma 0xd008 irq 15
[   11.350115] libphy: Fixed MDIO Bus: probed
[   11.400159] tun: Universal TUN/TAP device driver, 1.6
[   11.444352] tun: (C) 1999-2004 Max Krasnyansky <maxk@qualcomm.com>
[   11.448875] PPP generic driver version 2.4.2
[   11.459578] ehci_hcd: USB 2.0 'Enhanced' Host Controller (EHCI) Driver
[   11.466524] ehci-pci: EHCI PCI platform driver
[   11.473911] ehci-platform: EHCI generic platform driver
[   11.488500] ohci_hcd: USB 1.1 'Open' Host Controller (OHCI) Driver
[   11.512742] ohci-pci: OHCI PCI platform driver
[   11.528135] ohci-platform: OHCI generic platform driver
[   11.539186] uhci_hcd: USB Universal Host Controller Interface driver
[   11.598127] i8042: PNP: PS/2 Controller [PNP0303:PS2K,PNP0f03:PS2M] at 0x60,0x64 irq 1,12
[   11.687020] serio: i8042 KBD port at 0x60,0x64 irq 1
[   11.784444] serio: i8042 AUX port at 0x60,0x64 irq 12
[   11.844008] mousedev: PS/2 mouse device common for all mice
[   11.898969] rtc_cmos rtc_cmos: rtc core: registered rtc_cmos as rtc0
[   11.980086] input: AT Translated Set 2 keyboard as /devices/platform/i8042/serio0/input/input2
[   12.139924] rtc_cmos rtc_cmos: alarms up to one day, 114 bytes nvram
[   12.269765] i2c /dev entries driver
[   12.360915] device-mapper: uevent: version 1.0.3
[   12.428664] device-mapper: ioctl: 4.34.0-ioctl (2015-10-28) initialised: dm-devel@redhat.com
[   12.465610] ledtrig-cpu: registered to indicate activity on CPUs
[   12.497634] NET: Registered protocol family 10
[   12.506492] NET: Registered protocol family 17
[   12.515239] Key type dns_resolver registered
[   12.527519] microcode: CPU0 sig=0x306d4, pf=0x40, revision=0x0
[   12.571376] microcode: CPU1 sig=0x306d4, pf=0x40, revision=0x0
[   12.573715] microcode: Microcode Update Driver: v2.01 <tigran@aivazian.fsnet.co.uk>, Peter Oruba
[   12.595544] registered taskstats version 1
[   12.598587] Loading compiled-in X.509 certificates
[   12.605689] Loaded X.509 cert 'Build time autogenerated kernel key: a6f98c496ad22cf23b77f8fe21ff88c41791cbd4'
[   12.618038] zswap: loaded using pool lzo/zbud
[   12.633034] Key type trusted registered
[   12.654666] Key type encrypted registered
[   12.661518] AppArmor: AppArmor sha1 policy hashing enabled
[   12.670496] ima: No TPM chip found, activating TPM-bypass!
[   12.686365] evm: HMAC attrs: 0x1
[   12.697964]   Magic number: 1:489:171
[   12.717765] rtc_cmos rtc_cmos: setting system clock to 2017-09-12 09:12:05 UTC (1505207525)
[   12.762570] BIOS EDD facility v0.16 2004-Jun-25, 0 devices found
[   12.804686] EDD information not available.
[   12.824705] Freeing unused kernel memory: 1492K (ffffffff81f45000 - ffffffff820ba000)
[   12.844314] Write protecting the kernel read-only data: 14336k
[   12.910424] Freeing unused kernel memory: 1748K (ffff88000184b000 - ffff880001a00000)
[   13.050733] Freeing unused kernel memory: 112K (ffff880001de4000 - ffff880001e00000)
Loading, please wait...
starting version[   13.225015] random: systemd-udevd: uninitialized urandom read (16 bytes read, 7 bits of entropy available)
 229
[   13.225793] random: udevadm: uninitialized urandom read (16 bytes read, 7 bits of entropy available)
[   13.225836] random: udevadm: uninitialized urandom read (16 bytes read, 7 bits of entropy available)
[   13.225953] random: udevadm: uninitialized urandom read (16 bytes read, 7 bits of entropy available)
[   13.225994] random: udevadm: uninitialized urandom read (16 bytes read, 7 bits of entropy available)
[   13.226037] random: udevadm: uninitialized urandom read (16 bytes read, 7 bits of entropy available)
[   13.226087] random: udevadm: uninitialized urandom read (16 bytes read, 7 bits of entropy available)
[   13.226126] random: udevadm: uninitialized urandom read (16 bytes read, 7 bits of entropy available)
[   13.226162] random: udevadm: uninitialized urandom read (16 bytes read, 7 bits of entropy available)
[   13.226201] random: udevadm: uninitialized urandom read (16 bytes read, 7 bits of entropy available)
[   14.060515] e1000: Intel(R) PRO/1000 Network Driver - version 7.3.21-k8-NAPI
[   14.063530] e1000: Copyright (c) 1999-2006 Intel Corporation.
[   14.072864] Fusion MPT base driver 3.04.20
[   14.104378] Copyright (c) 1999-2008 LSI Corporation
[   14.126201] Fusion MPT SPI Host driver 3.04.20
[   14.136147] AVX version of gcm_enc/dec engaged.
[   14.155964] AES CTR mode by8 optimization enabled
[   14.366588] input: ImExPS/2 Generic Explorer Mouse as /devices/platform/i8042/serio1/input/input4
[   14.479157] e1000 0000:00:03.0 eth0: (PCI:33MHz:32-bit) 02:04:e4:df:e4:d8
[   14.483576] e1000 0000:00:03.0 eth0: Intel(R) PRO/1000 Network Connection
[   14.501943] mptbase: ioc0: Initiating bringup
[   14.605806] ioc0: LSI53C1030 A0: Capabilities={Initiator}
[   14.777647] scsi host2: ioc0: LSI53C1030 A0, FwRev=00000000h, Ports=1, MaxQ=256, IRQ=20
[   14.955607] scsi 2:0:0:0: Direct-Access     VBOX     HARDDISK         1.0  PQ: 0 ANSI: 5
[   14.990211] scsi target2:0:0: Beginning Domain Validation
[   15.011523] scsi target2:0:0: Domain Validation skipping write tests
[   15.013333] scsi target2:0:0: Ending Domain Validation
[   15.015064] scsi target2:0:0: asynchronous
[   15.033935] scsi 2:0:1:0: Direct-Access     VBOX     HARDDISK         1.0  PQ: 0 ANSI: 5
[   15.037045] scsi target2:0:1: Beginning Domain Validation
[   15.045081] scsi target2:0:1: Domain Validation skipping write tests
[   15.048654] scsi target2:0:1: Ending Domain Validation
[   15.053266] scsi target2:0:1: asynchronous
[   15.066509] sd 2:0:0:0: Attached scsi generic sg0 type 0
[   15.071281] sd 2:0:0:0: [sda] 20971520 512-byte logical blocks: (10.7 GB/10.0 GiB)
[   15.084751] sd 2:0:1:0: Attached scsi generic sg1 type 0
[   15.085888] sd 2:0:1:0: [sdb] 20480 512-byte logical blocks: (10.5 MB/10.0 MiB)
[   15.093454] sd 2:0:1:0: [sdb] Write Protect is off
[   15.096045] sd 2:0:1:0: [sdb] Incomplete mode parameter data
[   15.100605] sd 2:0:1:0: [sdb] Assuming drive cache: write through
[   15.104233] sd 2:0:0:0: [sda] Write Protect is off
[   15.108047] sd 2:0:0:0: [sda] Incomplete mode parameter data
[   15.109742] sd 2:0:0:0: [sda] Assuming drive cache: write through
[   15.114506] sd 2:0:1:0: [sdb] Attached SCSI disk
[   15.116997]  sda: sda1
[   15.120944] sd 2:0:0:0: [sda] Attached SCSI disk
[   15.343524] e1000 0000:00:08.0 eth1: (PCI:33MHz:32-bit) 08:00:27:69:b1:43
[   15.419857] e1000 0000:00:08.0 eth1: Intel(R) PRO/1000 Network Connection
[   15.491505] e1000 0000:00:03.0 enp0s3: renamed from eth0
[   15.554681] e1000 0000:00:08.0 enp0s8: renamed from eth1
[   17.182230] floppy0: no floppy controllers found
Begin: Loading e[   18.617371] md: linear personality registered for level -1
ssential drivers[   18.729357] md: multipath personality registered for level -4
 ... [   18.802169] md: raid0 personality registered for level 0
[   18.825239] md: raid1 personality registered for level 1
[   18.945766] raid6: sse2x1   gen()  7518 MB/s
[   19.054247] raid6: sse2x1   xor()  5729 MB/s
[   19.161712] raid6: sse2x2   gen()  9963 MB/s
[   19.278135] raid6: sse2x2   xor()  6854 MB/s
[   19.365801] raid6: sse2x4   gen()  7765 MB/s
[   19.458110] raid6: sse2x4   xor()  7010 MB/s
[   19.500407] raid6: using algorithm sse2x2 gen() 9963 MB/s
[   19.545600] raid6: .... xor() 6854 MB/s, rmw enabled
[   19.594608] raid6: using ssse3x2 recovery algorithm
[   19.629278] xor: automatically using best checksumming function:
[   19.682018]    avx       : 22234.000 MB/sec
[   19.719915] async_tx: api initialized (async)
[   19.775177] md: raid6 personality registered for level 6
[   19.859870] md: raid5 personality registered for level 5
[   19.878959] md: raid4 personality registered for level 4
[   19.946085] md: raid10 personality registered for level 10
done.
Begin: Running /scripts/init-premount ... done.
Begin: Mounti[   20.002521] Btrfs loaded
ng root file system ... Begin: Running /scripts/local-top ... done.
Begin: Running /scripts/local-premount ... Scanning for Btrfs filesystems
done.
Warning: fsck not present, so sk[   20.119711] EXT4-fs (sda1): mounted filesystem with ordered data mode. Opts: (null)
ipping root file system
done.
Begin: Running /scripts/local-bottom ... done.
Begin: Running /scripts/init-bottom ... done.
[   20.505569] systemd[1]: systemd 229 running in system mode. (+PAM +AUDIT +SELINUX +IMA +APPARMOR +SMACK +SYSVINIT +UTMP +LIBCRYPTSETUP +GCRYPT +GNUTLS +ACL +XZ -LZ4 +SECCOMP +BLKID +ELFUTILS +KMOD -IDN)
[   20.541626] systemd[1]: Detected virtualization oracle.
[   20.544766] systemd[1]: Detected architecture x86-64.

Welcome to [1mUbuntu 16.04.3 LTS[0m!

[   20.591414] systemd[1]: Set hostname to <ubuntu>.
[   20.675274] systemd[1]: Initializing machine ID from random generator.
[   20.766331] systemd[1]: Installed transient /etc/machine-id file.
[   21.496076] systemd[1]: Listening on Journal Socket (/dev/log).
[[0;32m  OK  [0m] Listening on Journal Socket (/dev/log).
[   21.546279] systemd[1]: Reached target Encrypted Volumes.
[[0;32m  OK  [0m] Reached target Encrypted Volumes.
[   21.598129] systemd[1]: Listening on udev Kernel Socket.
[[0;32m  OK  [0m] Listening on udev Kernel Socket.
[   21.630317] systemd[1]: Listening on Journal Audit Socket.
[[0;32m  OK  [0m] Listening on Journal Audit Socket.
[   21.682715] systemd[1]: Listening on udev Control Socket.
[[0;32m  OK  [0m] Listening on udev Control Socket.
[   21.794133] systemd[1]: Reached target User and Group Name Lookups.
[[0;32m  OK  [0m] Reached target User and Group Name Lookups.
[   21.874377] systemd[1]: Set up automount Arbitrary Executable File Formats File System Automount Point.
[[0;32m  OK  [0m] Set up automount Arbitrary Executab...ats File System Automount Point.
[   22.146626] systemd[1]: Listening on Syslog Socket.
[[0;32m  OK  [0m] Listening on Syslog Socket.
[   22.260791] systemd[1]: Listening on Journal Socket.
[[0;32m  OK  [0m] Listening on Journal Socket.
[   22.418942] systemd[1]: Created slice System Slice.
[[0;32m  OK  [0m] Created slice System Slice.
[   22.530312] systemd[1]: Starting Uncomplicated firewall...
         Starting Uncomplicated firewall...
[   22.670159] systemd[1]: Starting Journal Service...
[   22.673163] random: nonblocking pool is initialized
         Starting Journal Service...
[   22.733954] systemd[1]: Starting Remount Root and Kernel File Systems...
[   22.746381] EXT4-fs (sda1): re-mounted. Opts: (null)
         Starting Remount Root and Kernel File Systems...
[   22.801990] systemd[1]: Mounting Huge Pages File System...
         Mounting Huge Pages File System...
[   22.870401] systemd[1]: Mounting Debug File System...
         Mounting Debug File System...
[   22.954154] systemd[1]: Starting Load Kernel Modules...
         Startin[   22.967059] Loading iSCSI transport class v2.0-870.
g Load Kernel Modules...
[   23.020607] iscsi: registered transport (tcp)
[   23.082351] systemd[1]: Starting Create list of required static device nodes for the current kernel...
         Starting Create list of required st... nodes for the current kernel...[   23.127487] iscsi: registered transport (iser)

[   23.226562] systemd[1]: Starting Set console keymap...
         Starting Set console keymap...
[   23.334668] systemd[1]: Created slice system-serial\x2dgetty.slice.
[[0;32m  OK  [0m] Created slice system-serial\x2dgetty.slice.
[   23.513989] systemd[1]: Starting Nameserver information manager...
         Starting Nameserver information manager...
[   23.651273] systemd[1]: Created slice User and Session Slice.
[[0;32m  OK  [0m] Created slice User and Session Slice.
[   23.722497] systemd[1]: Reached target Slices.
[[0;32m  OK  [0m] Reached target Slices.
[   23.822424] systemd[1]: Reached target Swap.
[[0;32m  OK  [0m] Reached target Swap.
[   23.866123] systemd[1]: Listening on Device-mapper event daemon FIFOs.
[[0;32m  OK  [0m] Listening on Device-mapper event daemon FIFOs.
[   23.910558] systemd[1]: Started Trigger resolvconf update for networkd DNS.
[[0;32m  OK  [0m] Started Trigger resolvconf update for networkd DNS.
[   23.950093] systemd[1]: Mounting POSIX Message Queue File System...
         Mounting POSIX Message Queue File System...
[   24.062640] systemd[1]: Listening on LVM2 metadata daemon socket.
[[0;32m  OK  [0m] Listening on LVM2 metadata daemon socket.
[   24.238554] systemd[1]: Starting Monitoring of LVM2 mirrors, snapshots etc. using dmeventd or progress polling...
         Starting Monitoring of LVM2 mirrors... dmeventd or progress polling...
[   24.379449] systemd[1]: Listening on /dev/initctl Compatibility Named Pipe.
[[0;32m  OK  [0m] Listening on /dev/initctl Compatibility Named Pipe.
[   24.506742] systemd[1]: Listening on LVM2 poll daemon socket.
[[0;32m  OK  [0m] Listening on LVM2 poll daemon socket.
[   24.626757] systemd[1]: Started Forward Password Requests to Wall Directory Watch.
[[0;32m  OK  [0m] Started Forward Password Requests to Wall Directory Watch.
[   24.775540] systemd[1]: Mounted Huge Pages File System.
[[0;32m  OK  [0m] Mounted Huge Pages File System.
[   24.886093] systemd[1]: Mounted POSIX Message Queue File System.
[[0;32m  OK  [0m] Mounted POSIX Message Queue File System.
[   24.926527] systemd[1]: Mounted Debug File System.
[[0;32m  OK  [0m] Mounted Debug File System.
[   24.962255] systemd[1]: Started Journal Service.
[[0;32m  OK  [0m] Started Journal Service.
[[0;32m  OK  [0m] Started Uncomplicated firewall.
[[0;32m  OK  [0m] Started Remount Root and Kernel File Systems.
[[0;32m  OK  [0m] Started Load Kernel Modules.
[[0;32m  OK  [0m] Started Create list of required sta...ce nodes for the current kernel.
[[0;32m  OK  [0m] Started Set console keymap.
[[0;32m  OK  [0m] Started Nameserver information manager.
[[0;32m  OK  [0m] Started LVM2 metadata daemon.
         Starting Create Static Device Nodes in /dev...
         Mounting FUSE Control File System...
         Starting Apply Kernel Variables...
         Starting Initial cloud-init job (pre-networking)...
         Starting Load/Save Random Seed...
         Starting udev Coldplug all Devices...
         Starting Flush Journal to Persistent Storage...
[[0;32m  OK  [0m] Mounted FUSE Control File System.
[[0;32m  OK  [0m] Started Monitoring of LVM2 mirrors,...ng dmeventd or progress polling.
[[0;32m  OK  [0m] Started Create Static Device Nodes in /dev.
[[0;32m  OK  [0m] Started Apply Kernel Variables.
[[0;32m  OK  [0m] Started Load/Save Random Seed.
[[0;32m  OK  [0m] Started udev Coldplug all Devices.
[[0;32m  OK  [0m] Started Flush Journal to Persistent Storage.
         Starting udev Kernel Device Manager...
[[0;32m  OK  [0m] Started udev Kernel Device Manager.
[[0;32m  OK  [0m] Started Dispatch Password Requests to Console Directory Watch.
[[0;32m  OK  [0m] Reached target Local File Systems (Pre).
[[0;32m  OK  [0m] Reached target Local File Systems.
         Starting Set console font and keymap...
         Starting Commit a transient machine-id on disk...
         Starting Create Volatile Files and Directories...
         Starting Tell Plymouth To Write Out Runtime Data...
         Starting LSB: AppArmor initialization...
[[0;32m  OK  [0m] Started Commit a transient machine-id on disk.
[[0;32m  OK  [0m] Started Create Volatile Files and Directories.
[[0;32m  OK  [0m] Started Tell Plymouth To Write Out Runtime Data.
[[0;32m  OK  [0m] Found device /dev/ttyS0.
[   21.300384] cloud-init[452]: Cloud-init v. 0.7.9 running 'init-local' at Tue, 12 Sep 2017 09:12:19 +0000. Up 21.01 seconds.
[[0;32m  OK  [0m] Started Initial cloud-init job (pre-networking).
[[0;32m  OK  [0m] Started Set console font and keymap.
[[0;32m  OK  [0m] Listening on Load/Save RF Kill Switch Status /dev/rfkill Watch.
[[0;32m  OK  [0m] Created slice system-getty.slice.
[[0;32m  OK  [0m] Reached target Network (Pre).
[[0;32m  OK  [0m] Reached target System Time Synchronized.
         Starting Update UTMP about System Boot/Shutdown...
[[0;32m  OK  [0m] Started Update UTMP about System Boot/Shutdown.
[[0;32m  OK  [0m] Started LSB: AppArmor initialization.
         Starting Raise network interfaces...
[[0;32m  OK  [0m] Started Raise network interfaces.
[[0;32m  OK  [0m] Reached target Network.
         Starting Initial cloud-init job (metadata service crawler)...
[   25.113565] cloud-init[941]: Cloud-init v. 0.7.9 running 'init' at Tue, 12 Sep 2017 09:12:22 +0000. Up 24.15 seconds.
[   25.165637] cloud-init[941]: ci-info: +++++++++++++++++++++++++++++++++++++Net device info++++++++++++++++++++++++++++++++++++++
[   25.253001] [cloud-init[0;32m  OK  [0m[941]: ] ci-info: +--------+-------+---------------------------+---------------+-------+-------------------+Started Initial cloud-init job (metadata service crawler).

[   25.254162] cloud-init[941]: ci-info: | Device |   Up  |          Address          |      Mask     | Scope |     Hw-Address    |
[   25.441225] [cloud-init[0;32m  OK  [0m[941]: ] ci-info: +--------+-------+---------------------------+---------------+-------+-------------------+Reached target Cloud-config availability.

[[0;32m  OK  [0m] Reached target System Initialization.
[   25.442473] cloud-init[941]: ci-info: | enp0s3 |  True |         10.0.2.15         | 255.255.255.0 |   .   | 02:04:e4:df:e4:d8 |
[   25.664937] [cloud-init[0;32m  OK  [0m[941]: ] ci-info: | enp0s3 |  True | fe80::4:e4ff:fedf:e4d8/64 |       .       |  link | 02:04:e4:df:e4:d8 |Started Timer to automatically refresh installed snaps.

[[0;32m  OK  [0m] Listening on D-Bus System Message Bus Socket.
[   25.665990] cloud-init[941]: ci-info: | enp0s8 | False |             .             |       .       |   .   | 08:00:27:69:b1:43 |
[   25.925230]          cloud-initStarting LXD - unix socket.[941]: 
ci-info: |   lo   |  True |         127.0.0.1         |   255.0.0.0   |   .   |         .         |
[   25.945914] [cloud-init[0;32m  OK  [0m[941]: ] ci-info: |   lo   |  True |          ::1/128          |       .       |  host |         .         |Started ACPI Events Check.

[[0;32m  OK  [0m] Reached target Paths.
[[0;32m  OK  [0m] Listening on UUID daemon activation socket.
[   25.946684] cloud-init[941]: ci-info: +--------+-------+---------------------------+---------------+-------+-------------------+
[   26.080419]          cloud-initStarting Socket activation for snappy daemon.[941]: 
ci-info: +++++++++++++++++++++++++++Route IPv4 info++++++++++++++++++++++++++++
[[0;32m  OK  [0m] Started Daily Cleanup of Temporary Directories.
[[0;32m  OK  [0m] Listening on ACPID Listen Socket.
[   26.081131] cloud-init[941]: ci-info: +-------+-------------+----------+---------------+-----------+-------+
[[0;32m  OK  [0m] Reached target Network is Online.
[   26.150019] cloud-init[941]: ci-info: | Route | Destination | Gateway  |    Genmask    | Interface | Flags |
[   26.324891] cloud-init[941]: ci-info: +-------+-------------+----------+---------------+-----------+-------+
         Starting iSCSI initiator daemon (iscsid)...
[[0;32m  OK  [0m] Started Daily apt download activities.
[[0;32m  OK  [0m] Started Daily apt upgrade and clean activities.
[[0;32m  OK  [0m] Reached target Timers.
[[0;32m  OK  [0m] Listening on LXD - unix socket.
[[0;32m  OK  [0m] Listening on Socket activation for snappy daemon.
[   26.405344] cloud-init[941]: ci-info: |   0   |   0.0.0.0   | 10.0.2.2 |    0.0.0.0    |   enp0s3  |   UG  |
[   26.660716] cloud-init[941]: ci-info: |   1   |   10.0.2.0  | 0.0.0.0  | 255.255.255.0 |   enp0s3  |   U   |
[   26.732158] cloud-init[941]: ci-info: +-------+-------------+----------+---------------+-----------+-------+
[   26.785880] cloud-init[941]: Generating public/private rsa key pair.
[   26.840662] cloud-init[941]: Your identification has been saved in /etc/ssh/ssh_host_rsa_key.
[   26.896484] cloud-init[941]: Your public key has been saved in /etc/ssh/ssh_host_rsa_key.pub.
[   26.964719] cloud-init[941]: The key fingerprint is:
[   26.996517] cloud-init[941]: SHA256:6oJ7+7pyLiz4u6qExy2a29ZDjIdOjfwxRI1cBrwT7wE root@ubuntu-xenial
[[0;32m  OK  [0m] Reached target Sockets.
[[0;32m  OK  [0m] Reached target Basic System.
[   27.055750] cloud-init[941]: The key's randomart image is:
[   27.126656] cloud-init[941]: +---[RSA 2048]----+
[   27.156480] cloud-init[941]: |   o.=o          |
[   27.184527] cloud-init[941]: |    E..          |
[   27.208498] cloud-init[941]: |   . =           |
[[0;32m  OK  [0m] Started ACPI event daemon.
[[0;32m  OK  [0m] Started Unattended Upgrades Shutdown.
[   27.229357] cloud-init[941]: |    + o          |
[   27.309107] cloud-init[941]: | . B o .S        |
[   27.344682] cloud-init[941]: |..*.B ..         |
         Starting Apply the settings specified in cloud-config...
[   27.379333] cloud-init[941]: |o=+*.o.          |
[   27.416431] cloud-init[941]: |+=B.B.           |
[[0;32m  OK  [0m] Started Deferred execution scheduler.
[   27.439975] cloud-init[941]: |B**X=Bo          |
[[0;32m  OK  [0m] Started Regular background program processing daemon.
[   27.506184] cloud-init[941]: +----[SHA256]-----+
         Starting LSB: Record successful boot for GRUB...
[   27.563248] cloud-init[941]: Generating public/private dsa key pair.
         Starting Accounts Service...
         Starting /etc/rc.local Compatibility...
[   27.621642] cloud-init[941]: Your identification has been saved in /etc/ssh/ssh_host_dsa_key.
         Starting Pollinate to seed the pseudo random number generator...
[   27.700239] cloud-init[941]: Your public key has been saved in /etc/ssh/ssh_host_dsa_key.pub.
[   27.752355] [cloud-init[0;32m  OK  [0m[941]: ] The key fingerprint is:Started D-Bus System Message Bus.

[   27.752933] cloud-init[941]: SHA256:UnnpKTCIKNyR5PXp0V4gXSRlvNJuR1aKtmGPRH8VIG4 root@ubuntu-xenial
[   27.862436]          cloud-initStarting Login Service...[941]: 
The key's randomart image is:
[   27.932685] [cloud-init[0;32m  OK  [0m[941]: ] +---[DSA 1024]----+Started Snappy daemon.

[   27.933172] cloud-init[941]: |  .o.. ..o=* ....|
[   27.943196] cloud-init[941]: |..ooo.. +o=+.  ..|
[   27.957713]          cloud-initStarting Auto import assertions from block devices...[941]: 
|o..o. o+o.=E+ o .|
         Starting System Logging Service...
[   27.982647] cloud-init[941]: |.     .+o+oX = . |
[   28.002470] cloud-init[941]: |      ..S.O B .  |
[   28.041126]          cloud-initStarting LSB: MD monitoring daemon...[941]: 
|       . . = o   |
[   28.063688] [cloud-init[0;32m  OK  [0m[941]: ] |          . .    |Started FUSE filesystem for LXC.

[   28.064351] cloud-init[941]: |                 |
[   28.160322]          cloud-initStarting LXD - container startup/shutdown...[941]: 
|                 |
[[0;32m  OK  [0m] Started System Logging Service.
[[0;32m  OK  [0m] Started iSCSI initiator daemon (iscsid).
[[0;32m  OK  [0m] Started /etc/rc.local Compatibility.
[[0;32m  OK  [0m] Started Pollinate to seed the pseudo random number generator.
[   28.234737] cloud-init[941]: +----[SHA256]-----+
[   28.344430] cloud-init[941]: Generating public/private ecdsa key pair.
[[0;32m  OK  [0m] Started Auto import assertions from block devices.
[[0;32m  OK  [0m] Started LXD - container startup/shutdown.
[   28.379561] cloud-init[941]: Your identification has been saved in /etc/ssh/ssh_host_ecdsa_key.
[   28.476079] [cloud-init[0;32m  OK  [0m[941]: ] Your public key has been saved in /etc/ssh/ssh_host_ecdsa_key.pub.Started LSB: Record successful boot for GRUB.

[   28.490039] cloud-init[941]: The key fingerprint is:
[   28.492813] cloud-init[941]: SHA256:sw/2FRM3+WC9xSLxiKJGvWtykH67yYNIX3nW3ltgSNE root@ubuntu-xenial
[   28.509602] cloud-init[941]: The key's randomart image is:
[   28.552434] cloud-init[941]: +---[ECDSA 256]---+
[   28.552811] cloud-init[941]: |            o.   |
         Starting Authenticate and Authorize Users to Run Privileged Tasks...
[   28.553041] cloud-init[941]: |       .   . =E+ |
[   28.632568] cloud-init[941]: |      . o . = O +|
[   28.636743] cloud-init[941]: |     . o o . * =o|
[   28.664372] cloud-init[941]: |      = S. .+ o..|
[   28.664751] cloud-init[941]: |    .o .o+o .+ . |
         Starting OpenBSD Secure Shell server...
[   28.665007] cloud-init[941]: |   . oooOo ...  .|
[   28.748840] cloud-init[941]: |    . oB.* .. .. |
         Starting Login to default iSCSI targets...
[   28.749129] cloud-init[941]: |        =oo   .. |
[   28.833680] cloud-init[941]: +----[SHA256]-----+
[   28.834151] cloud-init[941]: Generating public/private ed25519 key pair.
[[0;32m  OK  [0m] Started OpenBSD Secure Shell server.
[[   28.834576] cloud-init[941]: Your identification has been saved in /etc/ssh/ssh_host_ed25519_key.
[   28.933459] cloud-init[941]: Your public key has been saved in /etc/ssh/ssh_host_ed25519_key.pub.
[   28.933767] cloud-init[941]: The key fingerprint is:[0;32m  OK  [0m
] Started LSB: MD monitoring daemon.
[   28.934449] cloud-init[941]: SHA256:/IcOC6hNFejdeYNYgRtQsdbEH7QuVbhfdeHXbRA3f54 root@ubuntu-xenial
[[   29.091649] cloud-init[941]: The key's randomart image is:
[   29.092509] cloud-init[941]: +--[ED25519 256]--+
[0;32m  OK  [0m] Started Login Service.
[   29.092805] cloud-init[941]: |    .oo+o.... o+o|
[   29.197584] cloud-init[941]: |     .o+..oo  .oB|
[   29.197984] cloud-init[941]: |    . +oo.oo   oO|
[[0;32m  OK  [0m] Started Authenticate and Authorize Users to Run Privileged Tasks.
[   29.198289] cloud-init[941]: |   . o.* =o   .o+|
[[   29.344827] cloud-init[941]: |    . + S +. . E.|
[   29.345766] cloud-init[941]: |     o   + o.    |
[0;32m  OK  [0m] Started Accounts Service.
[   29.345896] cloud-init[941]: |    o . . o .    |
[   29.371704] cloud-init[941]: |   +   . + .     |
[   29.392845] cloud-init[941]: |  . .   . .      |
[   29.416856] cloud-init[941]: +----[SHA256]-----+
         Stopping OpenBSD Secure Shell server...
[   29.420699] cloud-init[1043]: Generating locales (this might take a while)...
[   29.501022] cloud-init[1043]:   en_US.UTF-8... done
[   29.501488] cloud-init[1043]: Generation complete.
[[0;32m  OK  [0m] Stopped OpenBSD Secure Shell server.
         Starting OpenBSD Secure Shell server...
[[0;32m  OK  [0m] Started OpenBSD Secure Shell server.
[[0;32m  OK  [0m] Started Login to default iSCSI targets.
[[0;32m  OK  [0m] Reached target Remote File Systems (Pre).
[[0;32m  OK  [0m] Reached target Remote File Systems.
         Starting LSB: Set the CPU Frequency Scaling governor to "ondemand"...
         Starting Permit User Sessions...
         Starting LSB: automatic crash report generation...
         Starting LSB: VirtualBox Linux Additions...
         Starting LSB: daemon to balance interrupts for SMP systems...
[[0;32m  OK  [0m] Started Permit User Sessions.
[[0;32m  OK  [0m] Started LSB: Set the CPU Frequency Scaling governor to "ondemand".
         Starting Hold until boot process finishes up...
         Starting Terminate Plymouth Boot Screen...
[[0;32m  OK  [0m] Started LSB: automatic crash report generation.
[[0;32m  OK  [0m] Started LSB: daemon to balance interrupts for SMP systems.
[[0;32m  OK  [0m] Started Hold until boot process finishes up.
[[0;32m  OK  [0m] Started Terminate Plymouth Boot Screen.
[[0;32m  OK  [0m] Started Getty on tty1.
[[0;32m  OK  [0m] Started Serial Getty on ttyS0.
[[0;32m  OK  [0m] Reached target Login Prompts.
         Starting Set console scheme...
[[0;32m  OK  [0m] Started LSB: VirtualBox Linux Additions.
[[0;32m  OK  [0m] Started Set console scheme.
[[0;32m  OK  [0m] Created slice User Slice of ubuntu.
[[0;32m  OK  [0m] Started Session 1 of user ubuntu.
         Starting User Manager for UID 1000...
[[0;32m  OK  [0m] Reached target Multi-User System.
[[0;32m  OK  [0m] Reached target Graphical Interface.
         Starting Update UTMP about System Runlevel Changes...
[[0;32m  OK  [0m] Started User Manager for UID 1000.
[   30.200442] cloud-init[1043]: Cloud-init v. 0.7.9 running 'modules:config' at Tue, 12 Sep 2017 09:12:26 +0000. Up 27.60 seconds.
[[0;32m  OK  [0m] Started Update UTMP about System Runlevel Changes.
[[0;32m  OK  [0m] Started Apply the settings specified in cloud-config.
         Starting Execute cloud user/final scripts...
ci-info: no authorized ssh keys fingerprints found for user ubuntu.
<14>Sep 12 09:12:29 ec2: 
<14>Sep 12 09:12:29 ec2: #############################################################
<14>Sep 12 09:12:29 ec2: -----BEGIN SSH HOST KEY FINGERPRINTS-----
<14>Sep 12 09:12:29 ec2: 1024 SHA256:UnnpKTCIKNyR5PXp0V4gXSRlvNJuR1aKtmGPRH8VIG4 root@ubuntu-xenial (DSA)
<14>Sep 12 09:12:29 ec2: 256 SHA256:sw/2FRM3+WC9xSLxiKJGvWtykH67yYNIX3nW3ltgSNE root@ubuntu-xenial (ECDSA)
<14>Sep 12 09:12:29 ec2: 256 SHA256:/IcOC6hNFejdeYNYgRtQsdbEH7QuVbhfdeHXbRA3f54 root@ubuntu-xenial (ED25519)
<14>Sep 12 09:12:29 ec2: 2048 SHA256:6oJ7+7pyLiz4u6qExy2a29ZDjIdOjfwxRI1cBrwT7wE root@ubuntu-xenial (RSA)
<14>Sep 12 09:12:29 ec2: -----END SSH HOST KEY FINGERPRINTS-----
<14>Sep 12 09:12:29 ec2: #############################################################
-----BEGIN SSH HOST KEY KEYS-----
ecdsa-sha2-nistp256 AAAAE2VjZHNhLXNoYTItbmlzdHAyNTYAAAAIbmlzdHAyNTYAAABBBF1kVNEkZpaJPaV/pHNLrLWlqFXwHccX7pIHGB8Oi+wj1VIPKCPaHJLaDeAzs3frwNBhDDlB/gNwXkn7WRcOljk= root@ubuntu-xenial
ssh-ed25519 AAAAC3NzaC1lZDI1NTE5AAAAIO+HYkliH/5AdY9t7jBpMOql1TPFW/atwDL/PybFtn7z root@ubuntu-xenial
ssh-rsa AAAAB3NzaC1yc2EAAAADAQABAAABAQCepWvl+7FXYnmjCFykvA5kbqIfL6NtzMoQi663M/E/KdZKw/Z8RFl62L8EZvLUwwGdcS6J4zCNst+VVc8HHlrRCkvbDtZ8fwWK7fcTkT4ssWNYLyT1rXecW5VQhI67OGA6vWHSdVt65inPvcDmaqNsnPQF7avRtGxsVmqvvSJsRswvOZ4Y9uEq00eYE5oFKnx4vUYl7Rihm+63fyA5CpCzF2vanBAlDr7dGDPMDLtEu2u48DK2h5ysTwCOJm9oJV7MRklrnSXWFMAAWdefoxa5DAlbrfDGiwhFPPAf0XKtIDRgbC/atC3c2t/O+3wXkF77ZtbgpKhkwO6kyIeMbTZt root@ubuntu-xenial
-----END SSH HOST KEY KEYS-----
[   31.572457] cloud-init[1320]: Cloud-init v. 0.7.9 running 'modules:final' at Tue, 12 Sep 2017 09:12:29 +0000. Up 30.86 seconds.
[   31.625105] cloud-init[1320]: ci-info: no authorized ssh keys fingerprints found for user ubuntu.
[   31.652603] cloud-init[1320]: Cloud-init v. 0.7.9 finished at Tue, 12 Sep 2017 09:12:30 +0000. Datasource DataSourceNoCloud [seed=/dev/sdb][dsmode=net].  Up 31.56 seconds
[[0;32m  OK  [0m] Started Execute cloud user/final scripts.
[[0;32m  OK  [0m] Reached target Cloud-init target.

Ubuntu 16.04.3 LTS ubuntu-xenial ttyS0

ubuntu-xenial login: 