[    0.000000] Initializing cgroup subsys cpuset
[    0.000000] Initializing cgroup subsys cpu
[    0.000000] Initializing cgroup subsys cpuacct
[    0.000000] Linux version 4.4.0-93-generic (buildd@lgw01-03) (gcc version 5.4.0 20160609 (Ubuntu 5.4.0-6ubuntu1~16.04.4) ) #116-Ubuntu SMP Fri Aug 11 21:17:51 UTC 2017 (Ubuntu 4.4.0-93.116-generic 4.4.79)
[    0.000000] Command line: BOOT_IMAGE=/boot/vmlinuz-4.4.0-93-generic root=LABEL=cloudimg-rootfs ro console=tty1 console=ttyS0
[    0.000000] KERNEL supported cpus:
[    0.000000]   Intel GenuineIntel
[    0.000000]   AMD AuthenticAMD
[    0.000000]   Centaur CentaurHauls
[    0.000000] x86/fpu: xstate_offset[2]:  576, xstate_sizes[2]:  256
[    0.000000] x86/fpu: Supporting XSAVE feature 0x01: 'x87 floating point registers'
[    0.000000] x86/fpu: Supporting XSAVE feature 0x02: 'SSE registers'
[    0.000000] x86/fpu: Supporting XSAVE feature 0x04: 'AVX registers'
[    0.000000] x86/fpu: Enabled xstate features 0x7, context size is 832 bytes, using 'standard' format.
[    0.000000] x86/fpu: Using 'lazy' FPU context switches.
[    0.000000] e820: BIOS-provided physical RAM map:
[    0.000000] BIOS-e820: [mem 0x0000000000000000-0x000000000009fbff] usable
[    0.000000] BIOS-e820: [mem 0x000000000009fc00-0x000000000009ffff] reserved
[    0.000000] BIOS-e820: [mem 0x00000000000f0000-0x00000000000fffff] reserved
[    0.000000] BIOS-e820: [mem 0x0000000000100000-0x000000003ffeffff] usable
[    0.000000] BIOS-e820: [mem 0x000000003fff0000-0x000000003fffffff] ACPI data
[    0.000000] BIOS-e820: [mem 0x00000000fec00000-0x00000000fec00fff] reserved
[    0.000000] BIOS-e820: [mem 0x00000000fee00000-0x00000000fee00fff] reserved
[    0.000000] BIOS-e820: [mem 0x00000000fffc0000-0x00000000ffffffff] reserved
[    0.000000] NX (Execute Disable) protection: active
[    0.000000] SMBIOS 2.5 present.
[    0.000000] Hypervisor detected: KVM
[    0.000000] e820: last_pfn = 0x3fff0 max_arch_pfn = 0x400000000
[    0.000000] MTRR: Disabled
[    0.000000] x86/PAT: MTRRs disabled, skipping PAT initialization too.
[    0.000000] CPU MTRRs all blank - virtualized system.
[    0.000000] x86/PAT: Configuration [0-7]: WB  WT  UC- UC  WB  WT  UC- UC  
[    0.000000] found SMP MP-table at [mem 0x0009fff0-0x0009ffff] mapped at [ffff88000009fff0]
[    0.000000] Scanning 1 areas for low memory corruption
[    0.000000] RAMDISK: [mem 0x36ac4000-0x37559fff]
[    0.000000] ACPI: Early table checksum verification disabled
[    0.000000] ACPI: RSDP 0x00000000000E0000 000024 (v02 VBOX  )
[    0.000000] ACPI: XSDT 0x000000003FFF0030 00003C (v01 VBOX   VBOXXSDT 00000001 ASL  00000061)
[    0.000000] ACPI: FACP 0x000000003FFF00F0 0000F4 (v04 VBOX   VBOXFACP 00000001 ASL  00000061)
[    0.000000] ACPI: DSDT 0x000000003FFF0470 0021C8 (v02 VBOX   VBOXBIOS 00000002 INTL 20100528)
[    0.000000] ACPI: FACS 0x000000003FFF0200 000040
[    0.000000] ACPI: FACS 0x000000003FFF0200 000040
[    0.000000] ACPI: APIC 0x000000003FFF0240 00005C (v02 VBOX   VBOXAPIC 00000001 ASL  00000061)
[    0.000000] ACPI: SSDT 0x000000003FFF02A0 0001CC (v01 VBOX   VBOXCPUT 00000002 INTL 20100528)
[    0.000000] No NUMA configuration found
[    0.000000] Faking a node at [mem 0x0000000000000000-0x000000003ffeffff]
[    0.000000] NODE_DATA(0) allocated [mem 0x3ffeb000-0x3ffeffff]
[    0.000000] kvm-clock: Using msrs 4b564d01 and 4b564d00
[    0.000000] kvm-clock: cpu 0, msr 0:3ffe3001, primary cpu clock
[    0.000000] kvm-clock: using sched offset of 3582571634 cycles
[    0.000000] clocksource: kvm-clock: mask: 0xffffffffffffffff max_cycles: 0x1cd42e4dffb, max_idle_ns: 881590591483 ns
[    0.000000] Zone ranges:
[    0.000000]   DMA      [mem 0x0000000000001000-0x0000000000ffffff]
[    0.000000]   DMA32    [mem 0x0000000001000000-0x000000003ffeffff]
[    0.000000]   Normal   empty
[    0.000000]   Device   empty
[    0.000000] Movable zone start for each node
[    0.000000] Early memory node ranges
[    0.000000]   node   0: [mem 0x0000000000001000-0x000000000009efff]
[    0.000000]   node   0: [mem 0x0000000000100000-0x000000003ffeffff]
[    0.000000] Initmem setup node 0 [mem 0x0000000000001000-0x000000003ffeffff]
[    0.000000] ACPI: PM-Timer IO Port: 0x4008
[    0.000000] IOAPIC[0]: apic_id 2, version 32, address 0xfec00000, GSI 0-23
[    0.000000] ACPI: INT_SRC_OVR (bus 0 bus_irq 0 global_irq 2 dfl dfl)
[    0.000000] ACPI: INT_SRC_OVR (bus 0 bus_irq 9 global_irq 9 high level)
[    0.000000] Using ACPI (MADT) for SMP configuration information
[    0.000000] smpboot: Allowing 2 CPUs, 0 hotplug CPUs
[    0.000000] PM: Registered nosave memory: [mem 0x00000000-0x00000fff]
[    0.000000] PM: Registered nosave memory: [mem 0x0009f000-0x0009ffff]
[    0.000000] PM: Registered nosave memory: [mem 0x000a0000-0x000effff]
[    0.000000] PM: Registered nosave memory: [mem 0x000f0000-0x000fffff]
[    0.000000] e820: [mem 0x40000000-0xfebfffff] available for PCI devices
[    0.000000] Booting paravirtualized kernel on KVM
[    0.000000] clocksource: refined-jiffies: mask: 0xffffffff max_cycles: 0xffffffff, max_idle_ns: 7645519600211568 ns
[    0.000000] setup_percpu: NR_CPUS:512 nr_cpumask_bits:512 nr_cpu_ids:2 nr_node_ids:1
[    0.000000] PERCPU: Embedded 34 pages/cpu @ffff88003fc00000 s98328 r8192 d32744 u1048576
[    0.000000] PV qspinlock hash table entries: 256 (order: 0, 4096 bytes)
[    0.000000] Built 1 zonelists in Node order, mobility grouping on.  Total pages: 257913
[    0.000000] Policy zone: DMA32
[    0.000000] Kernel command line: BOOT_IMAGE=/boot/vmlinuz-4.4.0-93-generic root=LABEL=cloudimg-rootfs ro console=tty1 console=ttyS0
[    0.000000] PID hash table entries: 4096 (order: 3, 32768 bytes)
[    0.000000] Memory: 1001724K/1048120K available (8479K kernel code, 1294K rwdata, 3984K rodata, 1492K init, 1316K bss, 46396K reserved, 0K cma-reserved)
[    0.000000] SLUB: HWalign=64, Order=0-3, MinObjects=0, CPUs=2, Nodes=1
[    0.000000] Hierarchical RCU implementation.
[    0.000000] 	Build-time adjustment of leaf fanout to 64.
[    0.000000] 	RCU restricting CPUs from NR_CPUS=512 to nr_cpu_ids=2.
[    0.000000] RCU: Adjusting geometry for rcu_fanout_leaf=64, nr_cpu_ids=2
[    0.000000] NR_IRQS:33024 nr_irqs:440 16
[    0.000000] Console: colour VGA+ 80x25
[    0.000000] console [tty1] enabled
[    0.000000] console [ttyS0] enabled
[    0.000000] tsc: Detected 1599.999 MHz processor
[    2.362161] Calibrating delay loop (skipped) preset value.. 3199.99 BogoMIPS (lpj=6399996)
[    2.365837] pid_max: default: 32768 minimum: 301
[    2.392026] ACPI: Core revision 20150930
[    2.398958] ACPI: 2 ACPI AML tables successfully acquired and loaded
[    2.512875] Security Framework initialized
[    2.514003] Yama: becoming mindful.
[    2.515015] AppArmor: AppArmor initialized
[    2.541096] Dentry cache hash table entries: 131072 (order: 8, 1048576 bytes)
[    2.621954] Inode-cache hash table entries: 65536 (order: 7, 524288 bytes)
[    2.625871] Mount-cache hash table entries: 2048 (order: 2, 16384 bytes)
[    2.691356] Mountpoint-cache hash table entries: 2048 (order: 2, 16384 bytes)
[    2.695842] Initializing cgroup subsys io
[    2.696932] Initializing cgroup subsys memory
[    2.716082] Initializing cgroup subsys devices
[    2.717305] Initializing cgroup subsys freezer
[    2.718619] Initializing cgroup subsys net_cls
[    2.725312] Initializing cgroup subsys perf_event
[    2.726564] Initializing cgroup subsys net_prio
[    2.727838] Initializing cgroup subsys hugetlb
[    2.792207] Initializing cgroup subsys pids
[    2.845867] CPU: Physical Processor ID: 0
[    2.889077] CPU: Processor Core ID: 0
[    2.926312] mce: CPU supports 0 MCE banks
[    2.967022] Last level iTLB entries: 4KB 64, 2MB 8, 4MB 8
[    2.994872] Last level dTLB entries: 4KB 64, 2MB 0, 4MB 0, 1GB 4
[    3.061445] Freeing SMP alternatives memory: 32K (ffffffff820ba000 - ffffffff820c2000)
[    3.117475] ftrace: allocating 32136 entries in 126 pages
[    3.215802] smpboot: APIC(0) Converting physical 0 to logical package 0
[    3.227118] smpboot: Max logical packages: 1
[    3.249598] x2apic enabled
[    3.258673] Switched APIC routing to physical x2apic.
[    3.307835] ..TIMER: vector=0x30 apic1=0 pin1=2 apic2=-1 pin2=-1
[    3.437563] smpboot: CPU0: Intel(R) Core(TM) i5-5250U CPU @ 1.60GHz (family: 0x6, model: 0x3d, stepping: 0x4)
[    3.490912] Performance Events: unsupported p6 CPU model 61 no PMU driver, software events only.
[    3.550156] KVM setup paravirtual spinlock
[    3.587022] x86: Booting SMP configuration:
[    3.629185] .... node  #0, CPUs:      #1
[    3.647331] kvm-clock: cpu 1, msr 0:3ffe3041, secondary cpu clock
[    3.650921] mce: CPU supports 0 MCE banks
[    3.653517] x86: Booted up 1 node, 2 CPUs
[    3.695397] smpboot: Total of 2 processors activated (6399.99 BogoMIPS)
[    3.759562] devtmpfs: initialized
[    3.792937] evm: security.selinux
[    3.822362] evm: security.SMACK64
[    3.854397] evm: security.SMACK64EXEC
[    3.894647] evm: security.SMACK64TRANSMUTE
[    3.934829] evm: security.SMACK64MMAP
[    3.975474] evm: security.ima
[    4.007575] evm: security.capability
[    4.039544] clocksource: jiffies: mask: 0xffffffff max_cycles: 0xffffffff, max_idle_ns: 7645041785100000 ns
[    4.119306] futex hash table entries: 512 (order: 3, 32768 bytes)
[    4.189102] pinctrl core: initialized pinctrl subsystem
[    4.215583] RTC time: 19:07:29, date: 09/11/17
[    4.218517] NET: Registered protocol family 16
[    4.277873] cpuidle: using governor ladder
[    4.333691] cpuidle: using governor menu
[    4.342979] PCCT header not found.
[    4.347359] ACPI: bus type PCI registered
[    4.349776] acpiphp: ACPI Hot Plug PCI Controller Driver version: 0.5
[    4.406733] PCI: Using configuration type 1 for base access
[    4.446444] ACPI: Added _OSI(Module Device)
[    4.458934] ACPI: Added _OSI(Processor Device)
[    4.467322] ACPI: Added _OSI(3.0 _SCP Extensions)
[    4.509184] ACPI: Added _OSI(Processor Aggregator Device)
[    4.543919] ACPI: Executed 1 blocks of module-level executable AML code
[    4.611970] ACPI: Interpreter enabled
[    4.619086] ACPI: (supports S0 S5)
[    4.620751] ACPI: Using IOAPIC for interrupt routing
[    4.627271] PCI: Using host bridge windows from ACPI; if necessary, use "pci=nocrs" and report a bug
[    4.645593] ACPI: PCI Root Bridge [PCI0] (domain 0000 [bus 00-ff])
[    4.654435] acpi PNP0A03:00: _OSC: OS supports [ASPM ClockPM Segments MSI]
[    4.675392] acpi PNP0A03:00: _OSC failed (AE_NOT_FOUND); disabling ASPM
[    4.688957] acpi PNP0A03:00: fail to add MMCONFIG information, can't access extended PCI configuration space under this bridge.
[    4.721702] PCI host bridge to bus 0000:00
[    4.726240] pci_bus 0000:00: root bus resource [io  0x0000-0x0cf7 window]
[    4.743247] pci_bus 0000:00: root bus resource [io  0x0d00-0xffff window]
[    4.754164] pci_bus 0000:00: root bus resource [mem 0x000a0000-0x000bffff window]
[    4.760570] pci_bus 0000:00: root bus resource [mem 0x40000000-0xffdfffff window]
[    4.777288] pci_bus 0000:00: root bus resource [bus 00-ff]
[    4.821898] pci 0000:00:01.1: legacy IDE quirk: reg 0x10: [io  0x01f0-0x01f7]
[    4.897578] pci 0000:00:01.1: legacy IDE quirk: reg 0x14: [io  0x03f6]
[    4.958515] pci 0000:00:01.1: legacy IDE quirk: reg 0x18: [io  0x0170-0x0177]
[    5.008509] pci 0000:00:01.1: legacy IDE quirk: reg 0x1c: [io  0x0376]
[    5.096823] pci 0000:00:07.0: quirk: [io  0x4000-0x403f] claimed by PIIX4 ACPI
[    5.140084] pci 0000:00:07.0: quirk: [io  0x4100-0x410f] claimed by PIIX4 SMB
[    5.154928] ACPI: PCI Interrupt Link [LNKA] (IRQs 5 9 10 *11)
[    5.207558] ACPI: PCI Interrupt Link [LNKB] (IRQs 5 9 10 *11)
[    5.272763] ACPI: PCI Interrupt Link [LNKC] (IRQs 5 9 *10 11)
[    5.322493] ACPI: PCI Interrupt Link [LNKD] (IRQs 5 *9 10 11)
[    5.390718] ACPI: Enabled 2 GPEs in block 00 to 07
[    5.445793] vgaarb: setting as boot device: PCI:0000:00:02.0
[    5.466701] vgaarb: device added: PCI:0000:00:02.0,decodes=io+mem,owns=io+mem,locks=none
[    5.469065] vgaarb: loaded
[    5.499860] vgaarb: bridge control possible 0000:00:02.0
[    5.549700] SCSI subsystem initialized
[    5.587414] ACPI: bus type USB registered
[    5.624162] usbcore: registered new interface driver usbfs
[    5.671779] usbcore: registered new interface driver hub
[    5.699197] usbcore: registered new device driver usb
[    5.741171] PCI: Using ACPI for IRQ routing
[    5.783287] NetLabel: Initializing
[    5.815162] NetLabel:  domain hash size = 128
[    5.849159] NetLabel:  protocols = UNLABELED CIPSOv4
[    5.850503] NetLabel:  unlabeled traffic allowed by default
[    5.901328] amd_nb: Cannot enumerate AMD northbridges
[    5.917339] clocksource: Switched to clocksource kvm-clock
[    5.930847] AppArmor: AppArmor Filesystem Enabled
[    5.950788] pnp: PnP ACPI init
[    5.952710] pnp: PnP ACPI: found 3 devices
[    6.014948] clocksource: acpi_pm: mask: 0xffffff max_cycles: 0xffffff, max_idle_ns: 2085701024 ns
[    6.066457] NET: Registered protocol family 2
[    6.129533] TCP established hash table entries: 8192 (order: 4, 65536 bytes)
[    6.189069] TCP bind hash table entries: 8192 (order: 5, 131072 bytes)
[    6.207151] TCP: Hash tables configured (established 8192 bind 8192)
[    6.251238] UDP hash table entries: 512 (order: 2, 16384 bytes)
[    6.272030] UDP-Lite hash table entries: 512 (order: 2, 16384 bytes)
[    6.313412] NET: Registered protocol family 1
[    6.315438] pci 0000:00:00.0: Limiting direct PCI/PCI transfers
[    6.319936] pci 0000:00:01.0: Activating ISA DMA hang workarounds
[    6.330871] Unpacking initramfs...
[    8.582338] Freeing initrd memory: 10840K (ffff880036ac4000 - ffff88003755a000)
[    8.672785] RAPL PMU detected, API unit is 2^-32 Joules, 4 fixed counters 10737418240 ms ovfl timer
[    8.707204] hw unit of domain pp0-core 2^-0 Joules
[    8.778239] hw unit of domain package 2^-0 Joules
[    8.838535] hw unit of domain dram 2^-0 Joules
[    8.841525] hw unit of domain pp1-gpu 2^-0 Joules
[    8.849707] platform rtc_cmos: registered platform RTC device (no PNP device found)
[    8.852063] Scanning for low memory corruption every 60 seconds
[    8.855408] audit: initializing netlink subsys (disabled)
[    8.858795] audit: type=2000 audit(1505156854.510:1): initialized
[    8.867961] Initialise system trusted keyring
[    8.874438] HugeTLB registered 2 MB page size, pre-allocated 0 pages
[    8.893136] zbud: loaded
[    8.898218] VFS: Disk quotas dquot_6.6.0
[    8.908587] VFS: Dquot-cache hash table entries: 512 (order 0, 4096 bytes)
[    8.925698] squashfs: version 4.0 (2009/01/31) Phillip Lougher
[    8.936201] fuse init (API version 7.23)
[    8.939668] Key type big_key registered
[    8.950570] Allocating IMA MOK and blacklist keyrings.
[    8.956720] Key type asymmetric registered
[    8.959929] Asymmetric key parser 'x509' registered
[    8.961368] Block layer SCSI generic (bsg) driver version 0.4 loaded (major 249)
[    8.965185] io scheduler noop registered
[    8.975117] io scheduler deadline registered (default)
[    8.976357] io scheduler cfq registered
[    8.977451] pci_hotplug: PCI Hot Plug PCI Core version: 0.5
[    8.979416] pciehp: PCI Express Hot Plug Controller Driver version: 0.4
[    9.015045] ACPI: AC Adapter [AC] (off-line)
[    9.035795] input: Power Button as /devices/LNXSYSTM:00/LNXPWRBN:00/input/input0
[    9.051735] ACPI: Power Button [PWRF]
[    9.079654] input: Sleep Button as /devices/LNXSYSTM:00/LNXSLPBN:00/input/input1
[    9.081907] ACPI: Sleep Button [SLPF]
[    9.085297] ACPI: Battery Slot [BAT0] (battery present)
[    9.149098] GHES: HEST is not enabled!
[    9.244614] Serial: 8250/16550 driver, 32 ports, IRQ sharing enabled
ÿ[    9.287814] 00:02: ttyS0 at I/O 0x3f8 (irq = 4, base_baud = 115200) is a 16550A
[    9.339698] Linux agpgart interface v0.103
[    9.373602] loop: module loaded
[    9.394656] scsi host0: ata_piix
[    9.399705] scsi host1: ata_piix
[    9.407032] ata1: PATA max UDMA/33 cmd 0x1f0 ctl 0x3f6 bmdma 0xd000 irq 14
[    9.452280] ata2: PATA max UDMA/33 cmd 0x170 ctl 0x376 bmdma 0xd008 irq 15
[    9.490434] libphy: Fixed MDIO Bus: probed
[    9.553898] tun: Universal TUN/TAP device driver, 1.6
[    9.623623] tun: (C) 1999-2004 Max Krasnyansky <maxk@qualcomm.com>
[    9.679789] PPP generic driver version 2.4.2
[    9.682876] ehci_hcd: USB 2.0 'Enhanced' Host Controller (EHCI) Driver
[    9.729800] ehci-pci: EHCI PCI platform driver
[    9.784076] ehci-platform: EHCI generic platform driver
[    9.869366] tsc: Refined TSC clocksource calibration: 1599.696 MHz
[    9.981931] clocksource: tsc: mask: 0xffffffffffffffff max_cycles: 0x170f05c8b15, max_idle_ns: 440795272749 ns
[    9.982001] ohci_hcd: USB 1.1 'Open' Host Controller (OHCI) Driver
[    9.982014] ohci-pci: OHCI PCI platform driver
[    9.982037] ohci-platform: OHCI generic platform driver
[    9.982052] uhci_hcd: USB Universal Host Controller Interface driver
[    9.982157] i8042: PNP: PS/2 Controller [PNP0303:PS2K,PNP0f03:PS2M] at 0x60,0x64 irq 1,12
[    9.982797] serio: i8042 KBD port at 0x60,0x64 irq 1
[    9.982805] serio: i8042 AUX port at 0x60,0x64 irq 12
[   10.205156] mousedev: PS/2 mouse device common for all mice
[   10.205742] input: AT Translated Set 2 keyboard as /devices/platform/i8042/serio0/input/input2
[   10.206522] rtc_cmos rtc_cmos: rtc core: registered rtc_cmos as rtc0
[   10.206607] rtc_cmos rtc_cmos: alarms up to one day, 114 bytes nvram
[   10.206618] i2c /dev entries driver
[   10.206735] device-mapper: uevent: version 1.0.3
[   10.206795] device-mapper: ioctl: 4.34.0-ioctl (2015-10-28) initialised: dm-devel@redhat.com
[   10.206810] ledtrig-cpu: registered to indicate activity on CPUs
[   10.246871] NET: Registered protocol family 10
[   10.247159] NET: Registered protocol family 17
[   10.247169] Key type dns_resolver registered
[   10.247332] microcode: CPU0 sig=0x306d4, pf=0x40, revision=0x0
[   10.249684] microcode: CPU1 sig=0x306d4, pf=0x40, revision=0x0
[   10.249749] microcode: Microcode Update Driver: v2.01 <tigran@aivazian.fsnet.co.uk>, Peter Oruba
[   10.249869] registered taskstats version 1
[   10.249886] Loading compiled-in X.509 certificates
[   10.250591] Loaded X.509 cert 'Build time autogenerated kernel key: a6f98c496ad22cf23b77f8fe21ff88c41791cbd4'
[   10.250609] zswap: loaded using pool lzo/zbud
[   10.251996] Key type trusted registered
[   10.254685] Key type encrypted registered
[   10.254693] AppArmor: AppArmor sha1 policy hashing enabled
[   10.254697] ima: No TPM chip found, activating TPM-bypass!
[   10.254718] evm: HMAC attrs: 0x1
[   10.255214]   Magic number: 1:924:141
[   10.262301] rtc_cmos rtc_cmos: setting system clock to 2017-09-11 19:07:35 UTC (1505156855)
[   10.262424] BIOS EDD facility v0.16 2004-Jun-25, 0 devices found
[   10.262424] EDD information not available.
[   11.740628] Freeing unused kernel memory: 1492K (ffffffff81f45000 - ffffffff820ba000)
[   11.794159] Write protecting the kernel read-only data: 14336k
[   11.811357] Freeing unused kernel memory: 1748K (ffff88000184b000 - ffff880001a00000)
[   11.884337] Freeing unused kernel memory: 112K (ffff880001de4000 - ffff880001e00000)
Loading, please [   11.932513] random: systemd-udevd: uninitialized urandom read (16 bytes read, 7 bits of entropy available)
wait...
starting version 229
[   11.933638] random: udevadm: uninitialized urandom read (16 bytes read, 7 bits of entropy available)
[   11.933693] random: udevadm: uninitialized urandom read (16 bytes read, 7 bits of entropy available)
[   11.933931] random: udevadm: uninitialized urandom read (16 bytes read, 7 bits of entropy available)
[   11.933996] random: udevadm: uninitialized urandom read (16 bytes read, 7 bits of entropy available)
[   11.934056] random: udevadm: uninitialized urandom read (16 bytes read, 7 bits of entropy available)
[   11.934116] random: udevadm: uninitialized urandom read (16 bytes read, 7 bits of entropy available)
[   11.934177] random: udevadm: uninitialized urandom read (16 bytes read, 7 bits of entropy available)
[   11.934232] random: udevadm: uninitialized urandom read (16 bytes read, 7 bits of entropy available)
[   11.934295] random: udevadm: uninitialized urandom read (16 bytes read, 7 bits of entropy available)
[   12.491441] e1000: Intel(R) PRO/1000 Network Driver - version 7.3.21-k8-NAPI
[   12.510574] e1000: Copyright (c) 1999-2006 Intel Corporation.
[   12.545603] Fusion MPT base driver 3.04.20
[   12.552909] Copyright (c) 1999-2008 LSI Corporation
[   12.560360] Fusion MPT SPI Host driver 3.04.20
[   12.587981] AVX version of gcm_enc/dec engaged.
[   12.595465] AES CTR mode by8 optimization enabled
[   12.761202] input: ImExPS/2 Generic Explorer Mouse as /devices/platform/i8042/serio1/input/input4
[   12.910128] e1000 0000:00:03.0 eth0: (PCI:33MHz:32-bit) 02:04:e4:df:e4:d8
[   12.940566] e1000 0000:00:03.0 eth0: Intel(R) PRO/1000 Network Connection
[   12.972468] mptbase: ioc0: Initiating bringup
[   13.082744] ioc0: LSI53C1030 A0: Capabilities={Initiator}
[   13.361211] scsi host2: ioc0: LSI53C1030 A0, FwRev=00000000h, Ports=1, MaxQ=256, IRQ=20
[   13.538211] scsi 2:0:0:0: Direct-Access     VBOX     HARDDISK         1.0  PQ: 0 ANSI: 5
[   13.573423] scsi target2:0:0: Beginning Domain Validation
[   13.615917] scsi target2:0:0: Domain Validation skipping write tests
[   13.654474] scsi target2:0:0: Ending Domain Validation
[   13.660704] scsi target2:0:0: asynchronous
[   13.667653] scsi 2:0:1:0: Direct-Access     VBOX     HARDDISK         1.0  PQ: 0 ANSI: 5
[   13.671298] scsi target2:0:1: Beginning Domain Validation
[   13.675183] scsi target2:0:1: Domain Validation skipping write tests
[   13.711272] scsi target2:0:1: Ending Domain Validation
[   13.734192] scsi target2:0:1: asynchronous
[   13.782306] sd 2:0:0:0: Attached scsi generic sg0 type 0
[   13.795867] sd 2:0:0:0: [sda] 20971520 512-byte logical blocks: (10.7 GB/10.0 GiB)
[   13.817040] sd 2:0:1:0: [sdb] 20480 512-byte logical blocks: (10.5 MB/10.0 MiB)
[   13.838391] sd 2:0:1:0: Attached scsi generic sg1 type 0
[   13.851260] sd 2:0:0:0: [sda] Write Protect is off
[   13.853311] sd 2:0:0:0: [sda] Incomplete mode parameter data
[   13.886751] sd 2:0:0:0: [sda] Assuming drive cache: write through
[   13.893187] sd 2:0:1:0: [sdb] Write Protect is off
[   13.905117] sd 2:0:1:0: [sdb] Incomplete mode parameter data
[   13.906797] sd 2:0:1:0: [sdb] Assuming drive cache: write through
[   13.910906]  sda: sda1
[   13.922432] sd 2:0:1:0: [sdb] Attached SCSI disk
[   13.943972] sd 2:0:0:0: [sda] Attached SCSI disk
[   14.037166] e1000 0000:00:08.0 eth1: (PCI:33MHz:32-bit) 08:00:27:21:5a:43
[   14.063908] e1000 0000:00:08.0 eth1: Intel(R) PRO/1000 Network Connection
[   14.096591] e1000 0000:00:03.0 enp0s3: renamed from eth0
[   14.118227] e1000 0000:00:08.0 enp0s8: renamed from eth1
[   15.574658] floppy0: no floppy controllers found
Begin: Loading essential drivers[   17.036784] md: linear personality registered for level -1
 ... [   17.084858] md: multipath personality registered for level -4
[   17.103172] md: raid0 personality registered for level 0
[   17.149195] md: raid1 personality registered for level 1
[   17.237801] raid6: sse2x1   gen()  7973 MB/s
[   17.341449] raid6: sse2x1   xor()  6096 MB/s
[   17.441847] raid6: sse2x2   gen()  9108 MB/s
[   17.549481] raid6: sse2x2   xor()  6851 MB/s
[   17.649387] raid6: sse2x4   gen() 11340 MB/s
[   17.761548] raid6: sse2x4   xor()  8308 MB/s
[   17.803658] raid6: using algorithm sse2x4 gen() 11340 MB/s
[   17.846020] raid6: .... xor() 8308 MB/s, rmw enabled
[   17.870301] raid6: using ssse3x2 recovery algorithm
[   17.876551] xor: automatically using best checksumming function:
[   17.921419]    avx       : 13932.000 MB/sec
[   17.954013] async_tx: api initialized (async)
[   17.996919] md: raid6 personality registered for level 6
[   18.077456] md: raid5 personality registered for level 5
[   18.175449] md: raid4 personality registered for level 4
[   18.244601] md: raid10 personality registered for level 10
done.
Begin: Running /scripts/init-premount ... done.
Begin: Mounting root file system ... Begin: Running /scripts/local-top ... done.
Begin:[   18.333179] Btrfs loaded
 Running /scripts/local-premount ... Scanning for Btrfs filesystems
done.
Warning: fsck not present, so sk[   18.483020] EXT4-fs (sda1): mounted filesystem with ordered data mode. Opts: (null)
ipping root file system
done.
Begin: Running /scripts/local-bottom ... done.
Begin: Running /scripts/init-bottom ... done.
[   19.031997] systemd[1]: systemd 229 running in system mode. (+PAM +AUDIT +SELINUX +IMA +APPARMOR +SMACK +SYSVINIT +UTMP +LIBCRYPTSETUP +GCRYPT +GNUTLS +ACL +XZ -LZ4 +SECCOMP +BLKID +ELFUTILS +KMOD -IDN)
[   19.081528] systemd[1]: Detected virtualization oracle.
[   19.158838] systemd[1]: Detected architecture x86-64.

Welcome to [1mUbuntu 16.04.3 LTS[0m!

[   19.252358] systemd[1]: Set hostname to <ubuntu-xenial>.
[   20.054059] systemd[1]: Created slice System Slice.
[[0;32m  OK  [0m] Created slice System Slice.
[   20.136523] systemd[1]: Reached target Encrypted Volumes.
[[0;32m  OK  [0m] Reached target Encrypted Volumes.
[   20.173885] systemd[1]: Started Trigger resolvconf update for networkd DNS.
[[0;32m  OK  [0m] Started Trigger resolvconf update for networkd DNS.
[   20.222073] systemd[1]: Set up automount Arbitrary Executable File Formats File System Automount Point.
[[0;32m  OK  [0m] Set up automount Arbitrary Executab...ats File System Automount Point.
[   20.277889] systemd[1]: Listening on /dev/initctl Compatibility Named Pipe.
[[0;32m  OK  [0m] Listening on /dev/initctl Compatibility Named Pipe.
[   20.386091] systemd[1]: Listening on Journal Socket (/dev/log).
[[0;32m  OK  [0m] Listening on Journal Socket (/dev/log).
[   20.578334] systemd[1]: Listening on Journal Socket.
[[0;32m  OK  [0m] Listening on Journal Socket.
[   20.722160] systemd[1]: Starting Uncomplicated firewall...
[   20.724779] random: nonblocking pool is initialized
         Starting Uncomplicated firewall...
[   20.814308] systemd[1]: Starting Nameserver information manager...
         Starting Nameserver information manager...
[   20.898322] systemd[1]: Mounting Debug File System...
         Mounting Debug File System...
[   20.986569] systemd[1]: Listening on LVM2 poll daemon socket.
[[0;32m  OK  [0m] Listening on LVM2 poll daemon socket.
[   21.157329] systemd[1]: Reached target Swap.
[[0;32m  OK  [0m] Reached target Swap.
[   21.202248] systemd[1]: Created slice system-serial\x2dgetty.slice.
[[0;32m  OK  [0m] Created slice system-serial\x2dgetty.slice.
[   21.257076] systemd[1]: Listening on Journal Audit Socket.
[[0;32m  OK  [0m] Listening on Journal Audit Socket.
[   21.301586] systemd[1]: Mounting POSIX Message Queue File System...
         Mounting POSIX Message Queue File System...
[   21.345848] systemd[1]: Listening on Syslog Socket.
[[0;32m  OK  [0m] Listening on Syslog Socket.
[   21.386134] systemd[1]: Starting Journal Service...
         Starting Journal Service...
[   21.417832] systemd[1]: Listening on udev Kernel Socket.
[[0;32m  OK  [0m] Listening on udev Kernel Socket.
[   21.498192] systemd[1]: Mounting Huge Pages File System...
         Mounting Huge Pages File System...
[   21.542081] systemd[1]: Listening on Device-mapper event daemon FIFOs.
[[0;32m  OK  [0m] Listening on Device-mapper event daemon FIFOs.
[   21.657633] systemd[1]: Reached target User and Group Name Lookups.
[[0;32m  OK  [0m] Reached target User and Group Name Lookups.
[   21.810374] systemd[1]: Starting Load Kernel Modules...
[   21.847641] Loading iSCSI transport class v2.0-870.
         Starting Load Kernel Modules...
[   21.931028] systemd[1]: Created slice User and Session Slice.
[[0;32m  OK  [[   21.936838] iscsi: registered transport (tcp)
0m] Created slice User and Session Slice.
[   21.986175] systemd[1]: Reached target Slices.
[[0;32m  OK  [0m] Reached target Slices.
[   22.045715] systemd[1]: Starting Create list of required static device nodes for the current kernel...
         Startin[   22.061001] iscsi: registered transport (iser)
g Create list of required st... nodes for the current kernel...
[   22.165987] systemd[1]: Starting Set console keymap...
         Starting Set console keymap...
[   22.198021] systemd[1]: Listening on udev Control Socket.
[[0;32m  OK  [0m] Listening on udev Control Socket.
[   22.214485] systemd[1]: Listening on LVM2 metadata daemon socket.
[[0;32m  OK  [0m] Listening on LVM2 metadata daemon socket.
[   22.258344] systemd[1]: Starting Remount Root and Kernel File Systems...
         [   22.327724] EXT4-fs (sda1): re-mounted. Opts: (null)
Starting Remount Root and Kernel File Systems...
[   22.385846] systemd[1]: Started Forward Password Requests to Wall Directory Watch.
[[0;32m  OK  [0m] Started Forward Password Requests to Wall Directory Watch.
[   22.502365] systemd[1]: Starting Monitoring of LVM2 mirrors, snapshots etc. using dmeventd or progress polling...
         Starting Monitoring of LVM2 mirrors... dmeventd or progress polling...
[   22.572323] systemd[1]: Mounted Huge Pages File System.
[[0;32m  OK  [0m] Mounted Huge Pages File System.
[   22.654508] systemd[1]: Mounted POSIX Message Queue File System.
[[0;32m  OK  [0m] Mounted POSIX Message Queue File System.
[   22.766210] systemd[1]: Mounted Debug File System.
[[0;32m  OK  [0m] Mounted Debug File System.
[   22.845849] systemd[1]: Started Journal Service.
[[0;32m  OK  [0m] Started Journal Service.
[[0;32m  OK  [0m] Started Uncomplicated firewall.
[[0;32m  OK  [0m] Started Load Kernel Modules.
[[0;32m  OK  [0m] Started Create list of required sta...ce nodes for the current kernel.
[[0;32m  OK  [0m] Started Set console keymap.
[[0;32m  OK  [0m] Started Remount Root and Kernel File Systems.
[[0;32m  OK  [0m] Started Nameserver information manager.
[[0;32m  OK  [0m] Started LVM2 metadata daemon.
         Starting Initial cloud-init job (pre-networking)...
         Starting udev Coldplug all Devices...
         Starting Load/Save Random Seed...
         Starting Create Static Device Nodes in /dev...
         Mounting FUSE Control File System...
         Starting Apply Kernel Variables...
         Starting Flush Journal to Persistent Storage...
[[0;32m  OK  [0m] Mounted FUSE Control File System.
[[0;32m  OK  [0m] Started Load/Save Random Seed.
[[0;32m  OK  [0m] Started Create Static Device Nodes in /dev.
[[0;32m  OK  [0m] Started Monitoring of LVM2 mirrors,...ng dmeventd or progress polling.
[[0;32m  OK  [0m] Started Apply Kernel Variables.
[[0;32m  OK  [0m] Started udev Coldplug all Devices.
         Starting udev Kernel Device Manager...
[[0;32m  OK  [0m] Started Flush Journal to Persistent Storage.
[[0;32m  OK  [0m] Started udev Kernel Device Manager.
[[0;32m  OK  [0m] Reached target Local File Systems (Pre).
[[0;32m  OK  [0m] Reached target Local File Systems.
         Starting Set console font and keymap...
         Starting Tell Plymouth To Write Out Runtime Data...
         Starting LSB: AppArmor initialization...
[[0;32m  OK  [0m] Started Dispatch Password Requests to Console Directory Watch.
         Starting Create Volatile Files and Directories...
[[0;32m  OK  [0m] Started Tell Plymouth To Write Out Runtime Data.
[[0;32m  OK  [0m] Started Create Volatile Files and Directories.
[[0;32m  OK  [0m] Found device /dev/ttyS0.
         Starting Update UTMP about System Boot/Shutdown...
[[0;32m  OK  [0m] Reached target System Time Synchronized.
[[0;32m  OK  [0m] Started Set console font and keymap.
[[0;32m  OK  [0m] Started LSB: AppArmor initialization.
[[0;32m  OK  [0m] Started Update UTMP about System Boot/Shutdown.
[[0;32m  OK  [0m] Listening on Load/Save RF Kill Switch Status /dev/rfkill Watch.
[[0;32m  OK  [0m] Created slice system-getty.slice.
[   20.305954] cloud-init[441]: Cloud-init v. 0.7.9 running 'init-local' at Mon, 11 Sep 2017 19:07:50 +0000. Up 19.83 seconds.
[[0;32m  OK  [0m] Started Initial cloud-init job (pre-networking).
[[0;32m  OK  [0m] Reached target Network (Pre).
[[0;32m  OK  [0m] Started ifup for enp0s3.
         Starting Raise network interfaces...
[[0;32m  OK  [0m] Started ifup for enp0s8.
[[0;32m  OK  [0m] Started Raise network interfaces.
         Starting Initial cloud-init job (metadata service crawler)...
[[0;32m  OK  [0m] Reached target Network.
[   22.956970] cloud-init[1035]: Cloud-init v. 0.7.9 running 'init' at Mon, 11 Sep 2017 19:07:52 +0000. Up 22.37 seconds.
[   22.964124] cloud-init[1035]: ci-info: ++++++++++++++++++++++++++++++++++++++Net device info++++++++++++++++++++++++++++++++++++++
[   22.984681] cloud-init[1035]: ci-info: +--------+------+-----------------------------+---------------+-------+-------------------+
[   23.009168] cloud-init[1035]: ci-info: | Device |  Up  |           Address           |      Mask     | Scope |     Hw-Address    |
[   23.019538] cloud-init[1035]: ci-info: +--------+------+-----------------------------+---------------+-------+-------------------+
[   23.037562] cloud-init[1035]: ci-info: | enp0s3 | True |          10.0.2.15          | 255.255.255.0 |   .   | 02:04:e4:df:e4:d8 |
[   23.049571] cloud-init[1035]: ci-info: | enp0s3 | True |  fe80::4:e4ff:fedf:e4d8/64  |       .       |  link | 02:04:e4:df:e4:d8 |
[   23.060890] cloud-init[1035]: ci-info: |   lo   | True |          127.0.0.1          |   255.0.0.0   |   .   |         .         |
[[0;32m  OK  [0m] Started Initial cloud-init job (metadata service crawler).
[   23.096389] cloud-init[[0;32m  OK  [0m] Reached target Cloud-config availability.
[[0;32m  OK  [0m] Reached target Network is Online.
[1035]: ci-info: |   lo   | True |           ::1/128           |       .       |  host |         .         |
[   23.148388]          cloud-initStarting iSCSI initiator daemon (iscsid)...[1035]: 
ci-info: | enp0s8 | True |        192.168.10.100       | 255.255.255.0 |   .   | 08:00:27:21:5a:43 |
[   23.224856] [cloud-init[0;32m  OK  [0m[1035]: ] ci-info: | enp0s8 | True | fe80::a00:27ff:fe21:5a43/64 |       .       |  link | 08:00:27:21:5a:43 |Reached target System Initialization.

[[0;32m  OK  [0m] Listening on ACPID Listen Socket.
         Starting Socket activation for snappy daemon.
[   23.225843] cloud-init[1035]: ci-info: +--------+------+-----------------------------+---------------+-------+-------------------+
[   23.340630] [[0;32m  OK  [0m] Started ACPI Events Check.
[[0;32m  OK  [0m] Reached target Paths.
cloud-init[1035]: ci-info: ++++++++++++++++++++++++++++Route IPv4 info++++++++++++++++++++++++++++
         Starting LXD - unix socket.
[   23.349772] cloud-init[1035]: ci-info: +-------+--------------+----------+---------------+-----------+-------+
[   23.387022] [cloud-init[0;32m  OK  [0m[1035]: ] ci-info: | Route | Destination  | Gateway  |    Genmask    | Interface | Flags |Started Timer to automatically refresh installed snaps.

[[0;32m  OK  [0m] Started Timer to automatically fetch and run repair assertions.
[[0;32m  OK  [0m] Started Daily apt download activities.
[   23.388109] cloud-init[1035]: ci-info: +-------+--------------+----------+---------------+-----------+-------+
[   23.463219] [[0;32m  OK  [0m] Started Daily apt upgrade and clean activities.
[[0;32m  OK  [0m] Listening on UUID daemon activation socket.
cloud-init[1035]: ci-info: |   0   |   0.0.0.0    | 10.0.2.2 |    0.0.0.0    |   enp0s3  |   UG  |
[   23.482261] [cloud-init[0;32m  OK  [0m[1035]: ] ci-info: |   1   |   10.0.2.0   | 0.0.0.0  | 255.255.255.0 |   enp0s3  |   U   |Started Daily Cleanup of Temporary Directories.

[   23.502527] [cloud-init[0;32m  OK  [0m[1035]: ] ci-info: |   2   | 192.168.10.0 | 0.0.0.0  | 255.255.255.0 |   enp0s8  |   U   |Reached target Timers.

[[0;32m  OK  [0m] Listening on D-Bus System Message Bus Socket.
[   23.503534] cloud-init[1035]: ci-info: +-------+--------------+----------+---------------+-----------+-------+
[[0;32m  OK  [0m] Listening on Socket activation for snappy daemon.
[[0;32m  OK  [0m] Listening on LXD - unix socket.
[[0;32m  OK  [0m] Started iSCSI initiator daemon (iscsid).
         Starting Login to default iSCSI targets...
[[0;32m  OK  [0m] Reached target Sockets.
[[0;32m  OK  [0m] Reached target Basic System.
         Starting /etc/rc.local Compatibility...
         Starting Accounts Service...
         Starting Apply the settings specified in cloud-config...
[[0;32m  OK  [0m] Started FUSE filesystem for LXC.
[[0;32m  OK  [0m] Started Unattended Upgrades Shutdown.
         Starting LXD - container startup/shutdown...
         Starting Login Service...
         Starting System Logging Service...
[[0;32m  OK  [0m] Started ACPI event daemon.
[[0;32m  OK  [0m] Started D-Bus System Message Bus.
[[0;32m  OK  [0m] Started Regular background program processing daemon.
         Starting A high performance web server and a reverse proxy server...
         Starting LSB: Record successful boot for GRUB...
         Starting OpenBSD Secure Shell server...
         Starting LSB: MD monitoring daemon...
[[0;32m  OK  [0m] Started Deferred execution scheduler.
         Starting Snappy daemon...
[[0;32m  OK  [0m] Started System Logging Service.
[[0;32m  OK  [0m] Started OpenBSD Secure Shell server.
[[0;32m  OK  [0m] Started /etc/rc.local Compatibility.
[[0;32m  OK  [0m] Started LXD - container startup/shutdown.
[[0;32m  OK  [0m] Started A high performance web server and a reverse proxy server.
[[0;32m  OK  [0m] Started Login to default iSCSI targets.
[[0;32m  OK  [0m] Started LSB: Record successful boot for GRUB.
[[0;32m  OK  [0m] Started LSB: MD monitoring daemon.
[[0;32m  OK  [0m] Started Snappy daemon.
[[0;32m  OK  [0m] Started Login Service.
         Starting Authenticate and Authorize Users to Run Privileged Tasks...
         Starting Auto import assertions from block devices...
[[0;32m  OK  [0m] Reached target Remote File Systems (Pre).
[[0;32m  OK  [0m] Reached target Remote File Systems.
         Starting LSB: Set the CPU Frequency Scaling governor to "ondemand"...
         Starting LSB: daemon to balance interrupts for SMP systems...
[   24.860895] cloud-init[1100]: Cloud-init v. 0.7.9 running 'modules:config' at Mon, 11 Sep 2017 19:07:55 +0000. Up 24.58 seconds.
         Starting Permit User Sessions...
         Starting LSB: automatic crash report generation...
         Starting LSB: VirtualBox Linux Additions...
[[0;32m  OK  [0m] Started Apply the settings specified in cloud-config.
[[0;32m  OK  [0m] Started Auto import assertions from block devices.
[[0;32m  OK  [0m] Started Permit User Sessions.
[[0;32m  OK  [0m] Started Authenticate and Authorize Users to Run Privileged Tasks.
[[0;32m  OK  [0m] Started Accounts Service.
[[0;32m  OK  [0m] Created slice User Slice of ubuntu.
[[0;32m  OK  [0m] Started Session 1 of user ubuntu.
         Starting User Manager for UID 1000...
         Starting Terminate Plymouth Boot Screen...
         Starting Hold until boot process finishes up...
[[0;32m  OK  [0m] Started User Manager for UID 1000.
[[0;32m  OK  [0m] Started LSB: Set the CPU Frequency Scaling governor to "ondemand".
[[0;32m  OK  [0m] Started LSB: daemon to balance interrupts for SMP systems.
[[0;32m  OK  [0m] Started LSB: automatic crash report generation.
[[0;32m  OK  [0m] Started LSB: VirtualBox Linux Additions.
[[0;32m  OK  [0m] Started Terminate Plymouth Boot Screen.
[[0;32m  OK  [0m] Started Hold until boot process finishes up.
[[0;32m  OK  [0m] Started Getty on tty1.
[[0;32m  OK  [0m] Started Serial Getty on ttyS0.
[[0;32m  OK  [0m] Reached target Login Prompts.
         Starting Set console scheme...
[[0;32m  OK  [0m] Reached target Multi-User System.
         Starting Execute cloud user/final scripts...
[[0;32m  OK  [0m] Reached target Graphical Interface.
         Starting Update UTMP about System Runlevel Changes...
[[0;32m  OK  [0m] Started Set console scheme.
[[0;32m  OK  [0m] Started Update UTMP about System Runlevel Changes.
[   26.252241] cloud-init[1295]: Cloud-init v. 0.7.9 running 'modules:final' at Mon, 11 Sep 2017 19:07:56 +0000. Up 26.05 seconds.
[   26.341165] cloud-init[1295]: Cloud-init v. 0.7.9 finished at Mon, 11 Sep 2017 19:07:56 +0000. Datasource DataSourceNoCloud [seed=/dev/sdb][dsmode=net].  Up 26.24 seconds
[[0;32m  OK  [0m] Started Execute cloud user/final scripts.
[[0;32m  OK  [0m] Reached target Cloud-init target.

Ubuntu 16.04.3 LTS ubuntu-xenial ttyS0

ubuntu-xenial login:          Stoppn         Stopping Regular background program processing daemon...
         Stopping LSB: VirtualBox Linux Additions...
         Stopping LSB: daemon to balance interrupts for SMP systems...
         Stopping LSB: MD monitoring daemon...
         Stopping Accounts Service...
         Stopping LSB: Set the CPU Frequency Scaling governor to "ondemand"...
         Stopping LSB: Record successful boot for GRUB...
         Stopping LSB: automatic crash report generation...
[[0;32m  OK  [0m] Stopped Daily apt upgrade and clean activities.
[[0;32m  OK  [0m] Stopped Daily apt download activities.
[[0;32m  OK  [0m] Stopped target System Time Synchronized.
[[0;32m  OK  [0m] Closed Load/Save RF Kill Switch Status /dev/rfkill Watch.
         Stopping Authenticate and Authorize Users to Run Privileged Tasks...
         Stopping Getty on tty1...
[[0;32m  OK  [0m] Unmounted /var/lib/lxcfs.
[[0;32m  OK  [0m] Stopped Accounts Service.
[[0;32m  OK  [0m] Stopped System Logging Service.
[[0;32m  OK  [0m] Stopped ACPI event daemon.
[[0;32m  OK  [0m] Stopped Regular background program processing daemon.
[[0;32m  OK  [0m] Stopped OpenBSD Secure Shell server.
[[0;32m  OK  [0m] Stopped Deferred execution scheduler.
[[0;32m  OK  [0m] Stopped Snappy daemon.
[[0;32m  OK  [0m] Stopped Authenticate and Authorize Users to Run Privileged Tasks.
[[0;32m  OK  [0m] Stopped Getty on tty1.
[[0;32m  OK  [0m] Stopped Serial Getty on ttyS0.
[[0;32m  OK  [0m] Stopped User Manager for UID 1000.
[[0;32m  OK  [0m] Stopped D-Bus System Message Bus.
[[0;32m  OK  [0m] Stopped Session 5 of user ubuntu.
[[0;32m  OK  [0m] Stopped Unattended Upgrades Shutdown.
[[0;32m  OK  [0m] Stopped A high performance web server and a reverse proxy server.
[[0;32m  OK  [0m] Stopped FUSE filesystem for LXC.
[[0;32m  OK  [0m] Stopped LXD - container startup/shutdown.
[[0;32m  OK  [0m] Stopped LSB: daemon to balance interrupts for SMP systems.
[[0;32m  OK  [0m] Stopped LSB: VirtualBox Linux Additions.
[[0;32m  OK  [0m] Stopped LSB: MD monitoring daemon.
[[0;32m  OK  [0m] Stopped LSB: Set the CPU Frequency Scaling governor to "ondemand".
[[0;32m  OK  [0m] Stopped LSB: Record successful boot for GRUB.
[[0;32m  OK  [0m] Stopped LSB: automatic crash report generation.
[[0;32m  OK  [0m] Removed slice User Slice of ubuntu.
         Stopping Login Service...
[[0;32m  OK  [0m] Removed slice system-serial\x2dgetty.slice.
[[0;32m  OK  [0m] Stopped /etc/rc.local Compatibility.
         Stopping Permit User Sessions...
[[0;32m  OK  [0m] Removed slice system-getty.slice.
[[0;32m  OK  [0m] Stopped Login Service.
[[0;32m  OK  [0m] Stopped Permit User Sessions.
[[0;32m  OK  [0m] Stopped target Remote File Systems.
[[0;32m  OK  [0m] Stopped target Remote File Systems (Pre).
         Stopping Login to default iSCSI targets...
[[0;32m  OK  [0m] Stopped target Basic System.
[[0;32m  OK  [0m] Stopped target Sockets.
[[0;32m  OK  [0m] Closed ACPID Listen Socket.
[[0;32m  OK  [0m] Closed LXD - unix socket.
[[0;32m  OK  [0m] Closed UUID daemon activation socket.
[[0;32m  OK  [0m] Closed D-Bus System Message Bus Socket.
[[0;32m  OK  [0m] Closed Socket activation for snappy daemon.
[[0;32m  OK  [0m] Closed Syslog Socket.
[[0;32m  OK  [0m] Stopped target Paths.
[[0;32m  OK  [0m] Stopped ACPI Events Check.
[[0;32m  OK  [0m] Stopped Forward Password Requests to Wall Directory Watch.
[[0;32m  OK  [0m] Stopped Dispatch Password Requests to Console Directory Watch.
[[0;32m  OK  [0m] Stopped target Slices.
[[0;32m  OK  [0m] Removed slice User and Session Slice.
[[0;32m  OK  [0m] Stopped target System Initialization.
[[0;32m  OK  [0m] Stopped target Encrypted Volumes.
         Stopping Update UTMP about System Boot/Shutdown...
[[0;32m  OK  [0m] Stopped target Swap.
         Stopping Load/Save Random Seed...
[[0;32m  OK  [0m] Stopped target User and Group Name Lookups.
[[0;32m  OK  [0m] Stopped Load/Save Random Seed.
[[0;32m  OK  [0m] Stopped Update UTMP about System Boot/Shutdown.
[[0;32m  OK  [0m] Stopped Login to default iSCSI targets.
         Stopping iSCSI initiator daemon (iscsid)...
[[0;32m  OK  [0m] Stopped Create Volatile Files and Directories.
[[0;32m  OK  [0m] Stopped iSCSI initiator daemon (iscsid).
[[0;32m  OK  [0m] Stopped target Network is Online.
[[0;32m  OK  [0m] Stopped Initial cloud-init job (metadata service crawler).
[[0;32m  OK  [0m] Stopped target Network.
         Stopping Raise network interfaces...
[[0;32m  OK  [0m] Stopped Raise network interfaces.
[[0;32m  OK  [0m] Stopped target Network (Pre).
[[0;32m  OK  [0m] Stopped Initial cloud-init job (pre-networking).
[[0;32m  OK  [0m] Stopped target Local File Systems.
         Unmounting /home/ubuntu/app...
         Unmounting /run/user/1000...
[[0;32m  OK  [0m] Stopped Apply Kernel Variables.
[[0;32m  OK  [0m] Stopped Load Kernel Modules.
[[0;32m  OK  [0m] Unmounted /home/ubuntu/app.
[[0;32m  OK  [0m] Unmounted /run/user/1000.
[[0;32m  OK  [0m] Reached target Unmount All Filesystems.
[[0;32m  OK  [0m] Stopped target Local File Systems (Pre).
[[0;32m  OK  [0m] Stopped Remount Root and Kernel File Systems.
[[0;32m  OK  [0m] Stopped Create Static Device Nodes in /dev.
[[0;32m  OK  [0m] Reached target Shutdown.
[ 1120.901375] reboot: Power down
